#
# A fatal error has been detected by the Java Runtime Environment:
#
#  SIGSEGV (0xb) at pc=0x00000001048bc77c, pid=2021, tid=34819
#
# JRE version: OpenJDK Runtime Environment Zulu15.42+15-CA (15.0.8+4) (build 15.0.8+4-MTS)
# Java VM: OpenJDK 64-Bit Server VM Zulu15.42+15-CA (15.0.8+4-MTS, mixed mode, tiered, compressed oops, g1 gc, bsd-aarch64)
# Problematic frame:
# C  [python3.9+0x1bc77c]  collect+0x210
#
# No core dump will be written. Core dumps have been disabled. To enable core dumping, try "ulimit -c unlimited" before starting Java again
#
# If you would like to submit a bug report, please visit:
#   http://www.azul.com/support/
# The crash happened outside the Java Virtual Machine in native code.
# See problematic frame for where to report the bug.
#

---------------  S U M M A R Y ------------

Command Line: -Dfile.encoding=UTF8 -ea -Xmx1024m 

Host: MacBookAir10,1 arm64 1 MHz, 8 cores, 16G, Darwin 21.6.0
Time: Sun Aug  7 11:27:27 2022 KST elapsed time: 0.107755 seconds (0d 0h 0m 0s)

---------------  T H R E A D  ---------------

Current thread (0x0000000155e6c400):  JavaThread "Python Reference Queue" daemon [_thread_in_native, id=34819, stack(0x00000002971ac000,0x00000002973af000)]

Stack: [0x00000002971ac000,0x00000002973af000],  sp=0x00000002973ae750,  free space=2057k
Native frames: (J=compiled Java code, A=aot compiled Java code, j=interpreted, Vv=VM code, C=native code)
C  [python3.9+0x1bc77c]  collect+0x210
C  [python3.9+0x1bdbe0]  PyGC_Collect+0x9c
C  [_jpype.cpython-39-darwin.so+0x21f68]  JPGarbageCollection::triggered()+0x48
C  [_jpype.cpython-39-darwin.so+0x2f114]  Java_org_jpype_ref_JPypeReferenceNative_wake+0x1c
j  org.jpype.ref.JPypeReferenceNative.wake()V+0
j  org.jpype.ref.JPypeReferenceQueue$Worker.run()V+42
j  java.lang.Thread.run()V+11 java.base@15.0.8
v  ~StubRoutines::call_stub
V  [libjvm.dylib+0x3dff24]  JavaCalls::call_helper(JavaValue*, methodHandle const&, JavaCallArguments*, Thread*)+0x324
V  [libjvm.dylib+0x3deffc]  JavaCalls::call_virtual(JavaValue*, Klass*, Symbol*, Symbol*, JavaCallArguments*, Thread*)+0xf8
V  [libjvm.dylib+0x3df0c4]  JavaCalls::call_virtual(JavaValue*, Handle, Klass*, Symbol*, Symbol*, Thread*)+0x64
V  [libjvm.dylib+0x48e740]  thread_entry(JavaThread*, Thread*)+0xbc
V  [libjvm.dylib+0x8cb680]  JavaThread::thread_main_inner()+0xa0
V  [libjvm.dylib+0x8c8b7c]  Thread::call_run()+0x88
V  [libjvm.dylib+0x711b98]  thread_native_entry(Thread*)+0x1d0
C  [libsystem_pthread.dylib+0x726c]  _pthread_start+0x94

Java frames: (J=compiled Java code, j=interpreted, Vv=VM code)
j  org.jpype.ref.JPypeReferenceNative.wake()V+0
j  org.jpype.ref.JPypeReferenceQueue$Worker.run()V+42
j  java.lang.Thread.run()V+11 java.base@15.0.8
v  ~StubRoutines::call_stub

siginfo: si_signo: 11 (SIGSEGV), si_code: 2 (SEGV_ACCERR), si_addr: 0x00000001697003b8

Register to memory mapping:

 x0=0x0000000297419ac0 points into unknown readable memory: 0x0000000000000000 | 00 00 00 00 00 00 00 00
 x1=0x0000000000000002 is an unknown value
 x2=0x00000002973ae8c0 is pointing into the stack for thread: 0x0000000155e6c400
 x3=0x00000002973ae8b8 is pointing into the stack for thread: 0x0000000155e6c400
 x4=0x0 is NULL
 x5=0x0 is NULL
 x6=0x0000000000000001 is an unknown value
 x7=0x00000000004c4b40 is an unknown value
 x8=