#
# A fatal error has been detected by the Java Runtime Environment:
#
#  SIGILL (0x4) at pc=0x000000011c48fda0, pid=744, tid=40707
#
# JRE version: Java(TM) SE Runtime Environment 18.9 (11.0.14+8) (build 11.0.14+8-LTS-263)
# Java VM: Java HotSpot(TM) 64-Bit Server VM 18.9 (11.0.14+8-LTS-263, mixed mode, tiered, compressed oops, g1 gc, bsd-amd64)
# Problematic frame:
# V  [libjvm.dylib+0x2c3da0]  _ZN7Compile14call_generatorEP8ciMethodibP8JVMStatebfP7ciKlassbb+0x212
#
# No core dump will be written. Core dumps have been disabled. To enable core dumping, try "ulimit -c unlimited" before starting Java again
#
# If you would like to submit a bug report, please visit:
#   https://bugreport.java.com/bugreport/crash.jsp
#

---------------  S U M M A R Y ------------

Command Line: -Dfile.encoding=UTF8 -ea -Xmx1024m 

Host: iMac18,2 x86_64 3000 MHz, 4 cores, 8G, Darwin 21.2.0
Time: Thu Jul 28 09:39:14 2022 KST elapsed time: 3.328808 seconds (0d 0h 0m 3s)

---------------  T H R E A D  ---------------

Current thread (0x00007f9d5fe05000):  JavaThread "C2 CompilerThread0" daemon [_thread_in_native, id=40707, stack(0x000070000ae29000,0x000070000af29000)]


Current CompileTask:
C2:   3328 1727       4       scala.collection.immutable.List::<init> (37 bytes)

Stack: [0x000070000ae29000,0x000070000af29000],  sp=0x000070000af26f70,  free space=1015k
Native frames: (J=compiled Java code, j=interpreted, Vv=VM code, C=native code)
V  [libjvm.dylib+0x2c3da0]  _ZN7Compile14call_generatorEP8ciMethodibP8JVMStatebfP7ciKlassbb+0x212
V  [libjvm.dylib+0x2c4940]  _ZN5Parse7do_callEv+0x370
V  [libjvm.dylib+0x6586cb]  _ZN5Parse12do_one_blockEv+0xf5
V  [libjvm.dylib+0x657c53]  _ZN5Parse13do_all_blocksEv+0x29b
V  [libjvm.dylib+0x656637]  _ZN5ParseC2EP8JVMStateP8ciMethodf+0x60d
V  [libjvm.dylib+0x196981]  _ZN14ParseGenerator8generateEP8JVMState+0x7f
V  [libjvm.dylib+0x211eaa]  _ZN7CompileC2EP5ciEnvP10C2CompilerP8ciMethodibbbbP12DirectiveSet+0x64c
V  [libjvm.dylib+0x1958d4]  _ZN10C2Compiler14compile_methodEP5ciEnvP8ciMethodiP12DirectiveSet+0xd4
V  [libjvm.dylib+0x21ef64]  _ZN13CompileBroker25invoke_compiler_on_methodEP11CompileTask+0x4cc
V  [libjvm.dylib+0x21e919]  _ZN13CompileBroker20compiler_thread_loopEv+0x1ab
V  [libjvm.dylib+0x736f36]  _ZN10JavaThread17thread_main_innerEv+0x82
V  [libjvm.dylib+0x736d87]  _ZN10JavaThread3runEv+0x121
V  [libjvm.dylib+0x734c4a]  _ZN6Thread8call_runEv+0x68
V  [libjvm.dylib+0x63a6b6]  _ZL19thread_native_entryP6Thread+0x136
C  [libsystem_pthread.dylib+0x64f4]  _pthread_start+0x7d
C  [libsystem_pthread.dylib+0x200f]  thread_start+0xf


siginfo: si_signo: 4 (SIGILL), si_code: 1 (ILL_ILLOPC), si_addr: 0x000000011c48fda0

Register to memory mapping:

RAX=0x000070000af28020 is pointing into the stack for thread: 0x00007f9d5fe05000
RBX=0x0 is NULL
RCX=0x0000000000000001 is an unknown value
RDX=0x0000000000000001 is an unknown value
RSP=0x000070000af26f70 is pointing into the stack for thread: 0x00007f9d5fe05000
RBP=0x000070000af27090 is pointing into the stack for thread: 0x00007f9d5fe05000
RSI=0xffffffffffffffef is an unknown value
RDI=0x00007f9d6b110200 points into unknown readable memory: 0x0000000000000000 | 00 00 00 00 00 00 00 00
R8 =0x00007f9d6b048890 points into unknown readable memory: 0x0000000000000000 | 00 00 00 00 00 00 00 00
R9 =0x0000000000000001 is an unknown value
R10=0x0000000137dceba8 is pointing into metadata
R11=0x0000000000000428 is an unknown value
R12=0x00007f9d6b010cc0 points into unknown readable memory: 0x000000011caccda8 | a8 cd ac 1c 01 00 00 00
R13=0x0000000000000001 is an unknown value
R14=0x0 is NULL
R15=0x000000000af28001 is an unknown value


Registers:
RAX=0x000070000af28020, RBX=0x0000000000000000, RCX=0x0000000000000001, RDX=0x0000000000000001
RSP=0x000070000af26f70, RBP=0x000070000af27090, RSI=0xffffffffffffffef, RDI=0x00007f9d6b110200
R8 =0x00007f9d6b048890, R9 =0x0000000000000001, R10=0x0000000137dceba8, R11=0x0000000000000428
R12=0x00007f9d6b010cc0, R13=0x0000000000000001, R14=0x0000000000000000, R15=0x000000000af28001
RIP=0x000000011c48fda0, EFLAGS=0x0000000000010246, ERR=0x0000000000000000
  TRAPNO=0x0000000000000006

Top of Stack: (sp=0x000070000af26f70)
0x000070000af26f70:   000070000af26f90 000000011c91f4a4
0x000070000af26f80:   000070000af26fa0 000000011c9221cb
0x000070000af26f90:   000070000af26fc0 000000011c91f480
0x000070000af26fa0:   0000000000000000 00000000000051aa
0x000070000af26fb0:   00007f9d5fe05000 0000000000000000
0x000070000af26fc0:   000070000af26fe0 000000011c91f431
0x000070000af26fd0:   0000000000000000 00007f9d6b010c10
0x000070000af26fe0:   000070000af27000 000000011c91f404
0x000070000af26ff0:   000070000af27000 000000011c91f3b9
0x000070000af27000:   000070000af27001 000000011c91f393
0x000070000af27010:   00000000000051aa 00007f9d5fe05000
0x000070000af27020:   00000000ffffffff 00007f9d6b010cc0
0x000070000af27030:   000000001cb070a1 fffffffc3f800000
0x000070000af27040:   00007f9d6b048890 000000011c91f624
0x000070000af27050:   000070000af28020 00007f9d6b012440
0x000070000af27060:   000070000af270b0 0000000000000000
0x000070000af27070:   000070000af27258 0000000000000000
0x000070000af27080:   0000000000000001 00007f9d6b048890
0x000070000af27090:   000070000af27140 000000011c490940
0x000070000af270a0:   0000000000000000 0000000000000001
0x000070000af270b0:   0000000000000000 000000011c490908
0x000070000af270c0:   000070000af27110 00007f9d5fe05000
0x000070000af270d0:   000070000af270e0 00007f9d5fe05000
0x000070000af270e0:   00007f9d6b0124e0 000000011c82b7ac
0x000070000af270f0:   0000000000000000 fffffffcfffffee3
0x000070000af27100:   00007000000000b7 00007f9dfffffffc
0x000070000af27110:   000170000af27130 000070000af27258
0x000070000af27120:   00000000000000b0 000000011c98db2d
0x000070000af27130:   000070000af27360 0000000000000000
0x000070000af27140:   000070000af27180 000000011c8246cb
0x000070000af27150:   0000000000000008 000070000af27258
0x000070000af27160:   00007f9d6b113b60 0000000000000000 

Instructions: (pc=0x000000011c48fda0)
0x000000011c48fd80:   c0 74 11 48 8d 35 65 4b 51 00 48 89 df 31 c0 e8
0x000000011c48fd90:   e8 f4 37 00 48 89 df e8 52 ea 4e 00 4c 8b 75 10
0x000000011c48fda0:   c4 89 f8 22 45 18 3c 01 0f 85 80 00 00 00 0f b6
0x000000011c48fdb0:   5d a4 48 8b 7d c0 48 8b 75 c8 89 da e8 27 cf f4 

Stack slot to memory mapping:
stack at sp + 0 slots: 0x000070000af26f90 is pointing into the stack for thread: 0x00007f9d5fe05000
stack at sp + 1 slots: 0x000000011c91f4a4: _ZN6Atomic4loadIPVvEET_PVKS3_+0x14 in /Library/Java/JavaVirtualMachines/jdk-11.0.14.jdk/Contents/Home/lib/server/libjvm.dylib at 0x000000011c1cc000
stack at sp + 2 slots: 0x000070000af26fa0 is pointing into the stack for thread: 0x00007f9d5fe05000
stack at sp + 3 slots: 0x000000011c9221cb: _ZN12G1BarrierSet13AccessBarrierILy1097844ES_E20oop_load_not_in_heapIP7oopDescEES4_PT_+0x1b in /Library/Java/JavaVirtualMachines/jdk-11.0.14.jdk/Contents/Home/lib/server/libjvm.dylib at 0x000000011c1cc000
stack at sp + 4 slots: 0x000070000af26fc0 is pointing into the stack for thread: 0x00007f9d5fe05000
stack at sp + 5 slots: 0x000000011c91f480: _ZN11OrderAccess12ordered_loadIPVvL15ScopedFenceType0EEET_PVKS4_+0x30 in /Library/Java/JavaVirtualMachines/jdk-11.0.14.jdk/Contents/Home/lib/server/libjvm.dylib at 0x000000011c1cc000
stack at sp + 6 slots: 0x0 is NULL
stack at sp + 7 slots: 0x00000000000051aa is an unknown value


---------------  P R O C E S S  ---------------

Threads class SMR info:
_java_thread_list=0x00007f9d69308b30, length=10, elements={
0x00007f9d68830000, 0x00007f9d5e4e1000, 0x00007f9d5e4fc000, 0x00007f9d688cd000,
0x00007f9d5e534000, 0x00007f9d5fe05000, 0x00007f9d5e550800, 0x00007f9d5e553800,
0x00007f9d68950800, 0x00007f9d60521000
}

Java Threads: ( => current thread )
  0x00007f9d68830000 JavaThread "main" [_thread_in_Java, id=259, stack(0x00007ff7b9a18000,0x00007ff7baa18000)]
  0x00007f9d5e4e1000 JavaThread "Reference Handler" daemon [_thread_blocked, id=16131, stack(0x000070000a99a000,0x000070000aa9a000)]
  0x00007f9d5e4fc000 JavaThread "Finalizer" daemon [_thread_blocked, id=43267, stack(0x000070000aa9d000,0x000070000ab9d000)]
  0x00007f9d688cd000 JavaThread "Signal Dispatcher" daemon [_thread_blocked, id=41731, stack(0x000070000ac23000,0x000070000ad23000)]
  0x00007f9d5e534000 JavaThread "Service Thread" daemon [_thread_blocked, id=41219, stack(0x000070000ad26000,0x000070000ae26000)]
=>0x00007f9d5fe05000 JavaThread "C2 CompilerThread0" daemon [_thread_in_native, id=40707, stack(0x000070000ae29000,0x000070000af29000)]
  0x00007f9d5e550800 JavaThread "C1 CompilerThread0" daemon [_thread_blocked, id=24067, stack(0x000070000af2c000,0x000070000b02c000)]
  0x00007f9d5e553800 JavaThread "Sweeper thread" daemon [_thread_blocked, id=24579, stack(0x000070000b02f000,0x000070000b12f000)]
  0x00007f9d68950800 JavaThread "Common-Cleaner" daemon [_thread_blocked, id=25091, stack(0x000070000b235000,0x000070000b335000)]
  0x00007f9d60521000 JavaThread "Python Reference Queue" daemon [_thread_in_native, id=38659, stack(0x000070000b338000,0x000070000b438000)]

Other Threads:
  0x00007f9d604a3000 VMThread "VM Thread" [stack: 0x000070000a897000,0x000070000a997000] [id=16899] _threads_hazard_ptr=0x00007f9d69308b30
  0x00007f9d688ab000 WatcherThread [stack: 0x000070000b132000,0x000070000b232000] [id=39427]
  0x00007f9d5fe06800 GCTaskThread "GC Thread#0" [stack: 0x000070000a388000,0x000070000a488000] [id=13827]
  0x00007f9d5fe00000 GCTaskThread "GC Thread#1" [stack: 0x000070000b43b000,0x000070000b53b000] [id=25603]
  0x00007f9d5fea0800 GCTaskThread "GC Thread#2" [stack: 0x000070000b53e000,0x000070000b63e000] [id=37891]
  0x00007f9d68851800 ConcurrentGCThread "G1 Main Marker" [stack: 0x000070000a48b000,0x000070000a58b000] [id=18691]
  0x00007f9d68852800 ConcurrentGCThread "G1 Conc#0" [stack: 0x000070000a58e000,0x000070000a68e000] [id=14339]
  0x00007f9d688a3000 ConcurrentGCThread "G1 Refine#0" [stack: 0x000070000a691000,0x000070000a791000] [id=17923]
  0x00007f9d6a3ea800 ConcurrentGCThread "G1 Refine#1" [stack: 0x000070000b641000,0x000070000b741000] [id=26115]
  0x00007f9d6a383000 ConcurrentGCThread "G1 Refine#2" [stack: 0x000070000b744000,0x000070000b844000] [id=37379]
  0x00007f9d688a4000 ConcurrentGCThread "G1 Young RemSet Sampling" [stack: 0x000070000a794000,0x000070000a894000] [id=14851]

Threads with active compile tasks:
C2 CompilerThread0   3341 1727       4       scala.collection.immutable.List::<init> (37 bytes)
C1 CompilerThread0   3341 1774       3       scala.collection.immutable.WrappedString::foreach (6 bytes)

VM state:synchronizing (normal execution)

VM Mutex/Monitor currently owned by a thread:  ([mutex/lock_event])
[0x00007f9d66363dd0] Safepoint_lock - owner thread: 0x00007f9d604a3000
[0x00007f9d6634b100] Threads_lock - owner thread: 0x00007f9d604a3000
[0x00007f9d66391da0] Heap_lock - owner thread: 0x00007f9d68851800

Heap address: 0x00000007c0000000, size: 1024 MB, Compressed Oops mode: Zero based, Oop shift amount: 3
Narrow klass base: 0x0000000800000000, Narrow klass shift: 0
Compressed class space size: 1073741824 Address: 0x0000000800000000

Heap:
 garbage-first heap   total 34816K, used 22266K [0x00000007c0000000, 0x0000000800000000)
  region size 1024K, 7 young (7168K), 1 survivors (1024K)
 Metaspace       used 13750K, capacity 14057K, committed 14208K, reserved 1060864K
  class space    used 1740K, capacity 1860K, committed 1920K, reserved 1048576K
Heap Regions: E=young(eden), S=young(survivor), O=old, HS=humongous(starts), HC=humongous(continues), CS=collection set, F=free, A=archive, TAMS=top-at-mark-start (previous, next)
|   0|0x00000007c0000000, 0x00000007c0100000, 0x00000007c0100000|100%| O|  |TAMS 0x00000007c0100000, 0x00000007c0000000| Updating 
|   1|0x00000007c0100000, 0x00000007c01fffe8, 0x00000007c0200000| 99%| O|  |TAMS 0x00000007c01fffe8, 0x00000007c0100000| Updating 
|   2|0x00000007c0200000, 0x00000007c0300000, 0x00000007c0300000|100%| O|  |TAMS 0x00000007c0300000, 0x00000007c0200000| Updating 
|   3|0x00000007c0300000, 0x00000007c03fffe8, 0x00000007c0400000| 99%| O|  |TAMS 0x00000007c03fffe8, 0x00000007c0300000| Updating 
|   4|0x00000007c0400000, 0x00000007c04ffff0, 0x00000007c0500000| 99%| O|  |TAMS 0x00000007c04ffff0, 0x00000007c0400000| Updating 
|   5|0x00000007c0500000, 0x00000007c05fffd8, 0x00000007c0600000| 99%| O|  |TAMS 0x00000007c05fffd8, 0x00000007c0500000| Updating 
|   6|0x00000007c0600000, 0x00000007c06ffff0, 0x00000007c0700000| 99%| O|  |TAMS 0x00000007c06ffff0, 0x00000007c0600000| Updating 
|   7|0x00000007c0700000, 0x00000007c07ffff8, 0x00000007c0800000| 99%| O|  |TAMS 0x00000007c07ffff8, 0x00000007c0700000| Updating 
|   8|0x00000007c0800000, 0x00000007c0900000, 0x00000007c0900000|100%| O|  |TAMS 0x00000007c0900000, 0x00000007c0800000| Updating 
|   9|0x00000007c0900000, 0x00000007c09ffff0, 0x00000007c0a00000| 99%| O|  |TAMS 0x00000007c09ffff0, 0x00000007c0900000| Updating 
|  10|0x00000007c0a00000, 0x00000007c0a7b710, 0x00000007c0b00000| 48%| O|  |TAMS 0x00000007c0a7b710, 0x00000007c0a00000| Updating 
|  11|0x00000007c0b00000, 0x00000007c0c00000, 0x00000007c0c00000|100%|HS|  |TAMS 0x00000007c0c00000, 0x00000007c0b00000| Untracked 
|  12|0x00000007c0c00000, 0x00000007c0d00000, 0x00000007c0d00000|100%|HC|  |TAMS 0x00000007c0d00000, 0x00000007c0c00000| Untracked 
|  13|0x00000007c0d00000, 0x00000007c0e00000, 0x00000007c0e00000|100%|HS|  |TAMS 0x00000007c0e00000, 0x00000007c0d00000| Untracked 
|  14|0x00000007c0e00000, 0x00000007c0f00000, 0x00000007c0f00000|100%|HC|  |TAMS 0x00000007c0f00000, 0x00000007c0e00000| Untracked 
|  15|0x00000007c0f00000, 0x00000007c0f55000, 0x00000007c1000000| 33%| O|  |TAMS 0x00000007c0f55000, 0x00000007c0f00000| Updating 
|  16|0x00000007c1000000, 0x00000007c10ee548, 0x00000007c1100000| 93%| O|  |TAMS 0x00000007c10ee548, 0x00000007c1000000| Updating 
|  17|0x00000007c1100000, 0x00000007c1100000, 0x00000007c1200000|  0%| F|  |TAMS 0x00000007c1100000, 0x00000007c1100000| Untracked 
|  18|0x00000007c1200000, 0x00000007c1200000, 0x00000007c1300000|  0%| F|  |TAMS 0x00000007c1200000, 0x00000007c1200000| Untracked 
|  19|0x00000007c1300000, 0x00000007c1300000, 0x00000007c1400000|  0%| F|  |TAMS 0x00000007c1300000, 0x00000007c1300000| Untracked 
|  20|0x00000007c1400000, 0x00000007c1400000, 0x00000007c1500000|  0%| F|  |TAMS 0x00000007c1400000, 0x00000007c1400000| Untracked 
|  21|0x00000007c1500000, 0x00000007c1500000, 0x00000007c1600000|  0%| F|  |TAMS 0x00000007c1500000, 0x00000007c1500000| Untracked 
|  22|0x00000007c1600000, 0x00000007c1600000, 0x00000007c1700000|  0%| F|  |TAMS 0x00000007c1600000, 0x00000007c1600000| Untracked 
|  23|0x00000007c1700000, 0x00000007c1700000, 0x00000007c1800000|  0%| F|  |TAMS 0x00000007c1700000, 0x00000007c1700000| Untracked 
|  24|0x00000007c1800000, 0x00000007c1800000, 0x00000007c1900000|  0%| F|  |TAMS 0x00000007c1800000, 0x00000007c1800000| Untracked 
|  25|0x00000007c1900000, 0x00000007c1900000, 0x00000007c1a00000|  0%| F|  |TAMS 0x00000007c1900000, 0x00000007c1900000| Untracked 
|  26|0x00000007c1a00000, 0x00000007c1b00000, 0x00000007c1b00000|100%| S|CS|TAMS 0x00000007c1a00000, 0x00000007c1a00000| Complete 
|  27|0x00000007c1b00000, 0x00000007c1b00000, 0x00000007c1c00000|  0%| F|  |TAMS 0x00000007c1b00000, 0x00000007c1b00000| Untracked 
|  28|0x00000007c1c00000, 0x00000007c1cf4b80, 0x00000007c1d00000| 95%| E|  |TAMS 0x00000007c1c00000, 0x00000007c1c00000| Complete 
|  29|0x00000007c1d00000, 0x00000007c1e00000, 0x00000007c1e00000|100%| E|CS|TAMS 0x00000007c1d00000, 0x00000007c1d00000| Complete 
|  30|0x00000007c1e00000, 0x00000007c1f00000, 0x00000007c1f00000|100%| E|CS|TAMS 0x00000007c1e00000, 0x00000007c1e00000| Complete 
|  31|0x00000007c1f00000, 0x00000007c2000000, 0x00000007c2000000|100%| E|CS|TAMS 0x00000007c1f00000, 0x00000007c1f00000| Complete 
|  32|0x00000007c2000000, 0x00000007c2100000, 0x00000007c2100000|100%| E|CS|TAMS 0x00000007c2000000, 0x00000007c2000000| Complete 
|  33|0x00000007c2100000, 0x00000007c2200000, 0x00000007c2200000|100%| E|CS|TAMS 0x00000007c2100000, 0x00000007c2100000| Complete 

Card table byte_map: [0x0000000118694000,0x0000000118894000] _byte_map_base: 0x0000000114894000

Marking Bits (Prev, Next): (CMBitMap*) 0x00007f9d6882f418, (CMBitMap*) 0x00007f9d6882f450
 Prev Bits: [0x00000001335d8000, 0x00000001345d8000)
 Next Bits: [0x00000001345d8000, 0x00000001355d8000)

Polling page: 0x00000001059f9000

Metaspace:

Usage:
  Non-class:     11.91 MB capacity,    11.73 MB ( 98%) used,   164.60 KB (  1%) free+waste,    22.62 KB ( <1%) overhead. 
      Class:      1.82 MB capacity,     1.70 MB ( 94%) used,   107.45 KB (  6%) free+waste,    11.56 KB ( <1%) overhead. 
       Both:     13.73 MB capacity,    13.43 MB ( 98%) used,   272.05 KB (  2%) free+waste,    34.19 KB ( <1%) overhead. 

Virtual space:
  Non-class space:       12.00 MB reserved,      12.00 MB (100%) committed 
      Class space:        1.00 GB reserved,       1.88 MB ( <1%) committed 
             Both:        1.01 GB reserved,      13.88 MB (  1%) committed 

Chunk freelists:
   Non-Class:  1.38 KB
       Class:  3.50 KB
        Both:  4.88 KB

CodeHeap 'non-profiled nmethods': size=120032Kb used=574Kb max_used=574Kb free=119457Kb
 bounds [0x000000012c0a0000, 0x000000012c310000, 0x00000001335d8000]
CodeHeap 'profiled nmethods': size=120032Kb used=3115Kb max_used=3115Kb free=116916Kb
 bounds [0x0000000124b68000, 0x0000000124e78000, 0x000000012c0a0000]
CodeHeap 'non-nmethods': size=5696Kb used=1077Kb max_used=1096Kb free=4618Kb
 bounds [0x00000001245d8000, 0x0000000124848000, 0x0000000124b68000]
 total_blobs=2133 nmethods=1753 adapters=291
 compilation: enabled
              stopped_count=0, restarted_count=0
 full_count=0

Compilation events (10 events):
Event: 3.323 Thread 0x00007f9d5e550800 nmethod 1748 0x0000000124e6af90 code [0x0000000124e6b180, 0x0000000124e6b7e0]
Event: 3.323 Thread 0x00007f9d5e550800 1749       3       scala.collection.Seq$::newBuilder (7 bytes)
Event: 3.323 Thread 0x00007f9d5e550800 nmethod 1749 0x0000000124e6b990 code [0x0000000124e6bb40, 0x0000000124e6bd60]
Event: 3.323 Thread 0x00007f9d5e550800 1750       3       scala.collection.immutable.Seq$::newBuilder (8 bytes)
Event: 3.323 Thread 0x00007f9d5e550800 nmethod 1750 0x0000000124e6be90 code [0x0000000124e6c040, 0x0000000124e6c1e0]
Event: 3.326 Thread 0x00007f9d5e550800 1754       3       scala.collection.AbstractIterable::foreach (6 bytes)
Event: 3.326 Thread 0x00007f9d5e550800 nmethod 1754 0x0000000124e6c290 code [0x0000000124e6c460, 0x0000000124e6c7b0]
Event: 3.326 Thread 0x00007f9d5e550800 1755       3       scala.collection.IterableLike::foreach$ (6 bytes)
Event: 3.326 Thread 0x00007f9d5fe05000 nmethod 1716 0x000000012c12ea90 code [0x000000012c12ec40, 0x000000012c12f5b8]
Event: 3.326 Thread 0x00007f9d5fe05000 1727       4       scala.collection.immutable.List::<init> (37 bytes)

GC Heap History (10 events):
Event: 2.308 GC heap before
{Heap before GC invocations=17 (full 3):
 garbage-first heap   total 24576K, used 9501K [0x00000007c0000000, 0x0000000800000000)
  region size 1024K, 4 young (4096K), 2 survivors (2048K)
 Metaspace       used 13305K, capacity 13584K, committed 13824K, reserved 1060864K
  class space    used 1657K, capacity 1772K, committed 1792K, reserved 1048576K
}
Event: 2.311 GC heap after
{Heap after GC invocations=18 (full 3):
 garbage-first heap   total 77824K, used 9080K [0x00000007c0000000, 0x0000000800000000)
  region size 1024K, 1 young (1024K), 1 survivors (1024K)
 Metaspace       used 13305K, capacity 13584K, committed 13824K, reserved 1060864K
  class space    used 1657K, capacity 1772K, committed 1792K, reserved 1048576K
}
Event: 2.388 GC heap before
{Heap before GC invocations=18 (full 3):
 garbage-first heap   total 77824K, used 10104K [0x00000007c0000000, 0x0000000800000000)
  region size 1024K, 3 young (3072K), 1 survivors (1024K)
 Metaspace       used 13308K, capacity 13584K, committed 13824K, reserved 1060864K
  class space    used 1657K, capacity 1772K, committed 1792K, reserved 1048576K
}
Event: 2.403 GC heap after
{Heap after GC invocations=19 (full 4):
 garbage-first heap   total 34816K, used 9304K [0x00000007c0000000, 0x0000000800000000)
  region size 1024K, 0 young (0K), 0 survivors (0K)
 Metaspace       used 13308K, capacity 13584K, committed 13824K, reserved 1060864K
  class space    used 1657K, capacity 1772K, committed 1792K, reserved 1048576K
}
Event: 2.934 GC heap before
{Heap before GC invocations=19 (full 4):
 garbage-first heap   total 34816K, used 25688K [0x00000007c0000000, 0x0000000800000000)
  region size 1024K, 10 young (10240K), 0 survivors (0K)
 Metaspace       used 13328K, capacity 13648K, committed 13824K, reserved 1060864K
  class space    used 1657K, capacity 1772K, committed 1792K, reserved 1048576K
}
Event: 2.943 GC heap after
{Heap after GC invocations=20 (full 4):
 garbage-first heap   total 34816K, used 18149K [0x00000007c0000000, 0x0000000800000000)
  region size 1024K, 2 young (2048K), 2 survivors (2048K)
 Metaspace       used 13328K, capacity 13648K, committed 13824K, reserved 1060864K
  class space    used 1657K, capacity 1772K, committed 1792K, reserved 1048576K
}
Event: 3.026 GC heap before
{Heap before GC invocations=20 (full 4):
 garbage-first heap   total 34816K, used 19173K [0x00000007c0000000, 0x0000000800000000)
  region size 1024K, 4 young (4096K), 2 survivors (2048K)
 Metaspace       used 13330K, capacity 13648K, committed 13824K, reserved 1060864K
  class space    used 1657K, capacity 1772K, committed 1792K, reserved 1048576K
}
Event: 3.049 GC heap after
{Heap after GC invocations=21 (full 5):
 garbage-first heap   total 34816K, used 15782K [0x00000007c0000000, 0x0000000800000000)
  region size 1024K, 0 young (0K), 0 survivors (0K)
 Metaspace       used 13330K, capacity 13648K, committed 13824K, reserved 1060864K
  class space    used 1657K, capacity 1772K, committed 1792K, reserved 1048576K
}
Event: 3.278 GC heap before
{Heap before GC invocations=21 (full 5):
 garbage-first heap   total 34816K, used 22950K [0x00000007c0000000, 0x0000000800000000)
  region size 1024K, 7 young (7168K), 0 survivors (0K)
 Metaspace       used 13606K, capacity 13927K, committed 14208K, reserved 1060864K
  class space    used 1699K, capacity 1813K, committed 1920K, reserved 1048576K
}
Event: 3.283 GC heap after
{Heap after GC invocations=22 (full 5):
 garbage-first heap   total 34816K, used 17146K [0x00000007c0000000, 0x0000000800000000)
  region size 1024K, 1 young (1024K), 1 survivors (1024K)
 Metaspace       used 13606K, capacity 13927K, committed 14208K, reserved 1060864K
  class space    used 1699K, capacity 1813K, committed 1920K, reserved 1048576K
}

Deoptimization events (10 events):
Event: 2.306 Thread 0x00007f9d68830000 Uncommon trap: reason=unstable_if action=reinterpret pc=0x000000012c106bd4 method=java.io.BufferedReader.readLine(Z)Ljava/lang/String; @ 55 c2
Event: 2.315 Thread 0x00007f9d68830000 Uncommon trap: reason=unstable_if action=reinterpret pc=0x000000012c0e8c68 method=sun.net.www.ParseUtil.firstEncodeIndex(Ljava/lang/String;)I @ 51 c2
Event: 2.323 Thread 0x00007f9d68830000 Uncommon trap: reason=unstable_if action=reinterpret pc=0x000000012c1092b0 method=java.lang.String.trim()Ljava/lang/String; @ 4 c2
Event: 3.228 Thread 0x00007f9d68830000 Uncommon trap: reason=unstable_if action=reinterpret pc=0x000000012c11a0b4 method=scala.collection.Iterator.foreach(Lscala/Function1;)V @ 6 c2
Event: 3.237 Thread 0x00007f9d68830000 Uncommon trap: reason=unstable_if action=reinterpret pc=0x000000012c0b09d0 method=java.lang.String.equals(Ljava/lang/Object;)Z @ 34 c2
Event: 3.237 Thread 0x00007f9d68830000 Uncommon trap: reason=unstable_if action=reinterpret pc=0x000000012c0b9828 method=java.lang.String.hashCode()I @ 22 c2
Event: 3.264 Thread 0x00007f9d68830000 Uncommon trap: reason=unstable_if action=reinterpret pc=0x000000012c0c0514 method=java.lang.StringLatin1.canEncode(I)Z @ 4 c2
Event: 3.264 Thread 0x00007f9d68830000 Uncommon trap: reason=unstable_if action=reinterpret pc=0x000000012c0c1710 method=java.lang.StringLatin1.canEncode(I)Z @ 4 c2
Event: 3.290 Thread 0x00007f9d68830000 Uncommon trap: reason=unstable_if action=reinterpret pc=0x000000012c128750 method=scala.collection.immutable.HashSet$HashTrieSet.updated0(Ljava/lang/Object;II)Lscala/collection/immutable/HashSet; @ 64 c2
Event: 3.290 Thread 0x00007f9d68830000 Uncommon trap: reason=unstable_if action=reinterpret pc=0x000000012c1288a0 method=scala.collection.immutable.HashSet$HashTrieSet.updated0(Ljava/lang/Object;II)Lscala/collection/immutable/HashSet; @ 64 c2

Classes redefined (0 events):
No events

Internal exceptions (9 events):
Event: 0.392 Thread 0x00007f9d68830000 Exception <a 'java/lang/NoClassDefFoundError'{0x00000007c7ecc2c8}: org/jpype/classloader/DynamicClassLoader> (0x00000007c7ecc2c8) thrown at [./open/src/hotspot/share/classfile/systemDictionary.cpp, line 215]
Event: 1.911 Thread 0x00007f9d68830000 Exception <a 'java/lang/NoSuchMethodError'{0x00000007c2adc268}: java.lang.invoke.DirectMethodHandle$Holder.invokeStaticInit(Ljava/lang/Object;Ljava/lang/Object;Ljava/lang/Object;)Ljava/lang/Object;> (0x00000007c2adc268) thrown at [./open/src/hotspot/share
Event: 1.974 Thread 0x00007f9d68830000 Exception <a 'java/lang/NoSuchMethodError'{0x00000007c1425768}: java.lang.invoke.DirectMethodHandle$Holder.invokeSpecialIFC(Ljava/lang/Object;Ljava/lang/Object;I)I> (0x00000007c1425768) thrown at [./open/src/hotspot/share/interpreter/linkResolver.cpp, lin
Event: 2.034 Thread 0x00007f9d68830000 Exception <a 'java/lang/NoSuchMethodError'{0x00000007c121e348}: java.lang.invoke.DirectMethodHandle$Holder.invokeStatic(Ljava/lang/Object;Ljava/lang/Object;ILjava/lang/Object;)Ljava/lang/Object;> (0x00000007c121e348) thrown at [./open/src/hotspot/share/in
Event: 2.035 Thread 0x00007f9d68830000 Exception <a 'java/lang/NoSuchMethodError'{0x00000007c1224a70}: java.lang.invoke.Invokers$Holder.linkToTargetMethod(Ljava/lang/Object;ILjava/lang/Object;Ljava/lang/Object;)Ljava/lang/Object;> (0x00000007c1224a70) thrown at [./open/src/hotspot/share/interp
Event: 2.067 Thread 0x00007f9d68830000 Exception <a 'java/lang/NoSuchMethodError'{0x00000007c12e4948}: java.lang.invoke.DirectMethodHandle$Holder.invokeStaticInit(Ljava/lang/Object;Ljava/lang/Object;Ljava/lang/Object;Ljava/lang/Object;)Ljava/lang/Object;> (0x00000007c12e4948) thrown at [./open
Event: 3.258 Thread 0x00007f9d68830000 Exception <a 'java/lang/NoSuchMethodError'{0x00000007c1cca060}: java.lang.invoke.Invokers$Holder.linkToTargetMethod(Ljava/lang/Object;ILjava/lang/Object;)Ljava/lang/Object;> (0x00000007c1cca060) thrown at [./open/src/hotspot/share/interpreter/linkResolver
Event: 3.263 Thread 0x00007f9d68830000 Exception <a 'java/lang/NoSuchMethodError'{0x00000007c1cee600}: java.lang.invoke.DirectMethodHandle$Holder.invokeStatic(Ljava/lang/Object;ILjava/lang/Object;)Ljava/lang/Object;> (0x00000007c1cee600) thrown at [./open/src/hotspot/share/interpreter/linkReso
Event: 3.265 Thread 0x00007f9d68830000 Exception <a 'java/lang/NoSuchMethodError'{0x00000007c1b066f0}: java.lang.invoke.DirectMethodHandle$Holder.invokeStatic(Ljava/lang/Object;IILjava/lang/Object;)Ljava/lang/Object;> (0x00000007c1b066f0) thrown at [./open/src/hotspot/share/interpreter/linkRes

Events (10 events):
Event: 3.309 loading class scala/collection/immutable/ListSet
Event: 3.309 loading class scala/collection/immutable/ListSet done
Event: 3.310 loading class scala/collection/immutable/ListSet$EmptyListSet$
Event: 3.311 loading class scala/collection/immutable/ListSet$EmptyListSet$ done
Event: 3.311 Executing VM operation: CGC_Operation
Event: 3.313 Executing VM operation: CGC_Operation done
Event: 3.313 loading class scala/collection/immutable/ListSet$Node
Event: 3.313 loading class scala/collection/immutable/ListSet$Node done
Event: 3.314 Executing VM operation: RevokeBias
Event: 3.315 Executing VM operation: RevokeBias done


Dynamic libraries:
0x00007ff81e88d000 	/System/Library/Frameworks/CoreFoundation.framework/Versions/A/CoreFoundation
0x00007ff81e6d4000 	/usr/lib/libobjc.A.dylib
0x00007ff829580000 	/usr/lib/liboah.dylib
0x00007ff8295b4000 	/usr/lib/libfakelink.dylib
0x00007ff820bed000 	/usr/lib/libicucore.A.dylib
0x00007ff8295b2000 	/usr/lib/libSystem.B.dylib
0x00007ff8295b8000 	/System/Library/PrivateFrameworks/SoftLinking.framework/Versions/A/SoftLinking
0x00007ff81e7f3000 	/usr/lib/libc++abi.dylib
0x00007ff81e79a000 	/usr/lib/libc++.1.dylib
0x00007ff8295ad000 	/usr/lib/system/libcache.dylib
0x00007ff829569000 	/usr/lib/system/libcommonCrypto.dylib
0x00007ff829592000 	/usr/lib/system/libcompiler_rt.dylib
0x00007ff829588000 	/usr/lib/system/libcopyfile.dylib
0x00007ff81e5ce000 	/usr/lib/system/libcorecrypto.dylib
0x00007ff81e68d000 	/usr/lib/system/libdispatch.dylib
0x00007ff81e84c000 	/usr/lib/system/libdyld.dylib
0x00007ff8295a4000 	/usr/lib/system/libkeymgr.dylib
0x00007ff829547000 	/usr/lib/system/libmacho.dylib
0x00007ff828bd7000 	/usr/lib/system/libquarantine.dylib
0x00007ff8295a2000 	/usr/lib/system/libremovefile.dylib
0x00007ff8237b0000 	/usr/lib/system/libsystem_asl.dylib
0x00007ff81e57c000 	/usr/lib/system/libsystem_blocks.dylib
0x00007ff81e711000 	/usr/lib/system/libsystem_c.dylib
0x00007ff82959a000 	/usr/lib/system/libsystem_collections.dylib
0x00007ff827e7f000 	/usr/lib/system/libsystem_configuration.dylib
0x00007ff827140000 	/usr/lib/system/libsystem_containermanager.dylib
0x00007ff829284000 	/usr/lib/system/libsystem_coreservices.dylib
0x00007ff820e76000 	/usr/lib/system/libsystem_darwin.dylib
0x00007ff8295a5000 	/usr/lib/system/libsystem_dnssd.dylib
0x00007ff81e70e000 	/usr/lib/system/libsystem_featureflags.dylib
0x00007ff81e862000 	/usr/lib/system/libsystem_info.dylib
0x00007ff8294e5000 	/usr/lib/system/libsystem_m.dylib
0x00007ff81e661000 	/usr/lib/system/libsystem_malloc.dylib
0x00007ff82374d000 	/usr/lib/system/libsystem_networkextension.dylib
0x00007ff82129e000 	/usr/lib/system/libsystem_notify.dylib
0x00007ff82f721000 	/usr/lib/system/libsystem_product_info_filter.dylib
0x00007ff827e83000 	/usr/lib/system/libsystem_sandbox.dylib
0x00007ff82959f000 	/usr/lib/system/libsystem_secinit.dylib
0x00007ff81e809000 	/usr/lib/system/libsystem_kernel.dylib
0x00007ff81e858000 	/usr/lib/system/libsystem_platform.dylib
0x00007ff81e840000 	/usr/lib/system/libsystem_pthread.dylib
0x00007ff825005000 	/usr/lib/system/libsystem_symptoms.dylib
0x00007ff81e5b5000 	/usr/lib/system/libsystem_trace.dylib
0x00007ff829575000 	/usr/lib/system/libunwind.dylib
0x00007ff81e57e000 	/usr/lib/system/libxpc.dylib
0x00007ffa27991000 	/System/Library/CoreServices/Encodings/libKoreanConverter.dylib
0x00000001059ff000 	/Users/tj/opt/anaconda3/lib/python3.9/lib-dynload/_heapq.cpython-39-darwin.so
0x0000000105a0f000 	/Users/tj/opt/anaconda3/lib/python3.9/lib-dynload/_json.cpython-39-darwin.so
0x0000000105a05000 	/Users/tj/opt/anaconda3/lib/python3.9/lib-dynload/grp.cpython-39-darwin.so
0x0000000105a09000 	/Users/tj/opt/anaconda3/lib/python3.9/lib-dynload/_posixsubprocess.cpython-39-darwin.so
0x0000000105a21000 	/Users/tj/opt/anaconda3/lib/python3.9/lib-dynload/select.cpython-39-darwin.so
0x0000000105a38000 	/Users/tj/opt/anaconda3/lib/python3.9/lib-dynload/math.cpython-39-darwin.so
0x0000000105a5a000 	/Users/tj/opt/anaconda3/lib/python3.9/lib-dynload/_socket.cpython-39-darwin.so
0x0000000105a47000 	/Users/tj/opt/anaconda3/lib/python3.9/lib-dynload/array.cpython-39-darwin.so
0x0000000105a6d000 	/Users/tj/opt/anaconda3/lib/python3.9/lib-dynload/zlib.cpython-39-darwin.so
0x0000000105a8f000 	/Users/tj/opt/anaconda3/lib/libz.1.2.11.dylib
0x0000000105aa8000 	/Users/tj/opt/anaconda3/lib/python3.9/lib-dynload/_bz2.cpython-39-darwin.so
0x0000000105a76000 	/Users/tj/opt/anaconda3/lib/python3.9/lib-dynload/_lzma.cpython-39-darwin.so
0x0000000105ae5000 	/Users/tj/opt/anaconda3/lib/liblzma.5.dylib
0x0000000105a19000 	/Users/tj/opt/anaconda3/lib/python3.9/lib-dynload/_bisect.cpython-39-darwin.so
0x0000000105a29000 	/Users/tj/opt/anaconda3/lib/python3.9/lib-dynload/_random.cpython-39-darwin.so
0x0000000105a80000 	/Users/tj/opt/anaconda3/lib/python3.9/lib-dynload/_sha512.cpython-39-darwin.so
0x0000000105a2f000 	/Users/tj/opt/anaconda3/lib/python3.9/lib-dynload/termios.cpython-39-darwin.so
0x0000000105b0b000 	/Users/tj/opt/anaconda3/lib/python3.9/lib-dynload/_ctypes.cpython-39-darwin.so
0x0000000105ac9000 	/Users/tj/opt/anaconda3/lib/libffi.7.dylib
0x0000000105b29000 	/Users/tj/opt/anaconda3/lib/python3.9/lib-dynload/_struct.cpython-39-darwin.so
0x0000000105b49000 	/Users/tj/opt/anaconda3/lib/python3.9/site-packages/zmq/backend/cython/constants.cpython-39-darwin.so
0x0000000105abf000 	/Users/tj/opt/anaconda3/lib/python3.9/site-packages/zmq/backend/cython/error.cpython-39-darwin.so
0x0000000105bfc000 	/Users/tj/opt/anaconda3/lib/libzmq.5.dylib
0x0000000105c9b000 	/Users/tj/opt/anaconda3/lib/libsodium.23.dylib
0x0000000105dd4000 	/Users/tj/opt/anaconda3/lib/libc++.1.0.dylib
0x0000000105b75000 	/Users/tj/opt/anaconda3/lib/python3.9/site-packages/zmq/backend/cython/message.cpython-39-darwin.so
0x0000000105b35000 	/Users/tj/opt/anaconda3/lib/python3.9/site-packages/zmq/backend/cython/context.cpython-39-darwin.so
0x0000000105bb4000 	/Users/tj/opt/anaconda3/lib/python3.9/site-packages/zmq/backend/cython/socket.cpython-39-darwin.so
0x0000000105bdb000 	/Users/tj/opt/anaconda3/lib/python3.9/lib-dynload/_pickle.cpython-39-darwin.so
0x0000000105b5d000 	/Users/tj/opt/anaconda3/lib/python3.9/site-packages/zmq/backend/cython/utils.cpython-39-darwin.so
0x0000000105b8d000 	/Users/tj/opt/anaconda3/lib/python3.9/site-packages/zmq/backend/cython/_poll.cpython-39-darwin.so
0x0000000105ad3000 	/Users/tj/opt/anaconda3/lib/python3.9/site-packages/zmq/backend/cython/_version.cpython-39-darwin.so
0x0000000105d05000 	/Users/tj/opt/anaconda3/lib/python3.9/site-packages/zmq/backend/cython/_device.cpython-39-darwin.so
0x0000000105b69000 	/Users/tj/opt/anaconda3/lib/python3.9/site-packages/zmq/backend/cython/_proxy_steerable.cpython-39-darwin.so
0x0000000105a34000 	/Users/tj/opt/anaconda3/lib/python3.9/lib-dynload/_opcode.cpython-39-darwin.so
0x0000000105d3a000 	/Users/tj/opt/anaconda3/lib/python3.9/lib-dynload/_ssl.cpython-39-darwin.so
0x0000000105f2d000 	/Users/tj/opt/anaconda3/lib/libssl.1.1.dylib
0x0000000106223000 	/Users/tj/opt/anaconda3/lib/libcrypto.1.1.dylib
0x0000000105b9d000 	/Users/tj/opt/anaconda3/lib/python3.9/lib-dynload/binascii.cpython-39-darwin.so
0x00000001059fc000 	/Users/tj/opt/anaconda3/lib/python3.9/lib-dynload/_contextvars.cpython-39-darwin.so
0x0000000105d22000 	/Users/tj/opt/anaconda3/lib/python3.9/lib-dynload/_asyncio.cpython-39-darwin.so
0x0000000105a87000 	/Users/tj/opt/anaconda3/lib/python3.9/lib-dynload/_queue.cpython-39-darwin.so
0x0000000105a1e000 	/Users/tj/opt/anaconda3/lib/python3.9/lib-dynload/_uuid.cpython-39-darwin.so
0x0000000105d78000 	/Users/tj/opt/anaconda3/lib/python3.9/lib-dynload/_datetime.cpython-39-darwin.so
0x0000000105a8b000 	/Users/tj/opt/anaconda3/lib/python3.9/site-packages/tornado/speedups.cpython-39-darwin.so
0x0000000105dad000 	/Users/tj/opt/anaconda3/lib/python3.9/lib-dynload/_curses.cpython-39-darwin.so
0x0000000105ed8000 	/Users/tj/opt/anaconda3/lib/libncursesw.6.dylib
0x0000000105fe7000 	/Users/tj/opt/anaconda3/lib/libtinfow.6.dylib
0x0000000105ada000 	/Users/tj/opt/anaconda3/lib/python3.9/lib-dynload/fcntl.cpython-39-darwin.so
0x0000000105adf000 	/Users/tj/opt/anaconda3/lib/python3.9/lib-dynload/resource.cpython-39-darwin.so
0x0000000105d13000 	/Users/tj/opt/anaconda3/lib/python3.9/lib-dynload/_hashlib.cpython-39-darwin.so
0x0000000105d61000 	/Users/tj/opt/anaconda3/lib/python3.9/lib-dynload/_blake2.cpython-39-darwin.so
0x0000000105ea9000 	/Users/tj/opt/anaconda3/lib/python3.9/lib-dynload/_sqlite3.cpython-39-darwin.so
0x0000000106553000 	/Users/tj/opt/anaconda3/lib/libsqlite3.0.dylib
0x00000001066ed000 	/Users/tj/opt/anaconda3/lib/python3.9/lib-dynload/unicodedata.cpython-39-darwin.so
0x0000000105b45000 	/Users/tj/opt/anaconda3/lib/python3.9/lib-dynload/_scproxy.cpython-39-darwin.so
0x00007ff81f424000 	/System/Library/Frameworks/SystemConfiguration.framework/Versions/A/SystemConfiguration
0x00007ff827e8a000 	/System/Library/PrivateFrameworks/AppleSystemInfo.framework/Versions/A/AppleSystemInfo
0x00007ff8211e8000 	/System/Library/Frameworks/IOKit.framework/Versions/A/IOKit
0x00007ff82088d000 	/System/Library/Frameworks/Security.framework/Versions/A/Security
0x00007ff828bfe000 	/usr/lib/libbsm.0.dylib
0x00007ff8228ec000 	/usr/lib/libnetwork.dylib
0x00007ff823764000 	/usr/lib/libMobileGestalt.dylib
0x00007ff8251ec000 	/usr/lib/libDiagnosticMessagesClient.dylib
0x00007ff823763000 	/usr/lib/libenergytrace.dylib
0x00007ff8294d2000 	/usr/lib/libz.1.dylib
0x00007ff82954d000 	/usr/lib/system/libkxld.dylib
0x00007ff81f713000 	/System/Library/Frameworks/Foundation.framework/Versions/C/Foundation
0x00007ff82882c000 	/System/Library/PrivateFrameworks/IOMobileFramebuffer.framework/Versions/A/IOMobileFramebuffer
0x00007ff825f58000 	/System/Library/PrivateFrameworks/CoreAutoLayout.framework/Versions/A/CoreAutoLayout
0x00007ff82983c000 	/usr/lib/libcompression.dylib
0x00007ff8232b6000 	/System/Library/Frameworks/CFNetwork.framework/Versions/A/CFNetwork
0x00007ff8252da000 	/System/Library/Frameworks/DiskArbitration.framework/Versions/A/DiskArbitration
0x00007ff8296f3000 	/usr/lib/libarchive.2.dylib
0x00007ff825fa0000 	/usr/lib/libxml2.2.dylib
0x00007ff82f84c000 	/System/Library/Frameworks/CoreServices.framework/Versions/A/CoreServices
0x00007ff827e8e000 	/usr/lib/liblangid.dylib
0x00007ff829d0d000 	/usr/lib/liblzma.5.dylib
0x00007ff829806000 	/usr/lib/libapple_nghttp2.dylib
0x00007ff824c27000 	/usr/lib/libsqlite3.dylib
0x00007ffb342a6000 	/usr/lib/libCoreEntitlements.dylib
0x00007ff829266000 	/System/Library/PrivateFrameworks/AppleFSCompression.framework/Versions/A/AppleFSCompression
0x00007ff828be6000 	/usr/lib/libcoretls.dylib
0x00007ff829d27000 	/usr/lib/libcoretls_cfhelpers.dylib
0x00007ff829837000 	/usr/lib/libpam.2.dylib
0x00007ff829d96000 	/usr/lib/libxar.1.dylib
0x00007ff829276000 	/usr/lib/libbz2.1.0.dylib
0x00007ff8295b9000 	/usr/lib/libpcap.A.dylib
0x00007ff824ffc000 	/usr/lib/libdns_services.dylib
0x00007ff8295f0000 	/usr/lib/libiconv.2.dylib
0x00007ff829546000 	/usr/lib/libcharset.1.dylib
0x00007ff825f23000 	/System/Library/Frameworks/CoreServices.framework/Versions/A/Frameworks/FSEvents.framework/Versions/A/FSEvents
0x00007ff820e80000 	/System/Library/Frameworks/CoreServices.framework/Versions/A/Frameworks/CarbonCore.framework/Versions/A/CarbonCore
0x00007ff82523f000 	/System/Library/Frameworks/CoreServices.framework/Versions/A/Frameworks/Metadata.framework/Versions/A/Metadata
0x00007ff829289000 	/System/Library/Frameworks/CoreServices.framework/Versions/A/Frameworks/OSServices.framework/Versions/A/OSServices
0x00007ff82977a000 	/System/Library/Frameworks/CoreServices.framework/Versions/A/Frameworks/SearchKit.framework/Versions/A/SearchKit
0x00007ff824f8e000 	/System/Library/Frameworks/CoreServices.framework/Versions/A/Frameworks/AE.framework/Versions/A/AE
0x00007ff81ed90000 	/System/Library/Frameworks/CoreServices.framework/Versions/A/Frameworks/LaunchServices.framework/Versions/A/LaunchServices
0x00007ff829cbe000 	/System/Library/Frameworks/CoreServices.framework/Versions/A/Frameworks/DictionaryServices.framework/Versions/A/DictionaryServices
0x00007ff825f30000 	/System/Library/Frameworks/CoreServices.framework/Versions/A/Frameworks/SharedFileList.framework/Versions/A/SharedFileList
0x00007ff828bda000 	/usr/lib/libCheckFix.dylib
0x00007ff8237c7000 	/System/Library/PrivateFrameworks/TCC.framework/Versions/A/TCC
0x00007ff827e90000 	/System/Library/PrivateFrameworks/CoreNLP.framework/Versions/A/CoreNLP
0x00007ff8251ef000 	/System/Library/PrivateFrameworks/MetadataUtilities.framework/Versions/A/MetadataUtilities
0x00007ff81f4d4000 	/usr/lib/libmecabra.dylib
0x00007ff82fa97000 	/System/Library/Frameworks/Accelerate.framework/Versions/A/Accelerate
0x00007ff828c0e000 	/usr/lib/libmecab.dylib
0x00007ff81f49f000 	/usr/lib/libCRFSuite.dylib
0x00007ff828c6b000 	/usr/lib/libgermantok.dylib
0x00007ff8297e1000 	/usr/lib/libThaiTokenizer.dylib
0x00007ff8252e1000 	/System/Library/Frameworks/Accelerate.framework/Versions/A/Frameworks/vImage.framework/Versions/A/vImage
0x00007ff82f823000 	/System/Library/Frameworks/Accelerate.framework/Versions/A/Frameworks/vecLib.framework/Versions/A/vecLib
0x00007ff829dd7000 	/System/Library/Frameworks/Accelerate.framework/Versions/A/Frameworks/vecLib.framework/Versions/A/libvMisc.dylib
0x00007ff82864a000 	/System/Library/Frameworks/Accelerate.framework/Versions/A/Frameworks/vecLib.framework/Versions/A/libvDSP.dylib
0x00007ff81f108000 	/System/Library/Frameworks/Accelerate.framework/Versions/A/Frameworks/vecLib.framework/Versions/A/libBLAS.dylib
0x00007ff829918000 	/System/Library/Frameworks/Accelerate.framework/Versions/A/Frameworks/vecLib.framework/Versions/A/libLAPACK.dylib
0x00007ff828c6e000 	/System/Library/Frameworks/Accelerate.framework/Versions/A/Frameworks/vecLib.framework/Versions/A/libLinearAlgebra.dylib
0x00007ff82981f000 	/System/Library/Frameworks/Accelerate.framework/Versions/A/Frameworks/vecLib.framework/Versions/A/libSparseBLAS.dylib
0x00007ff829912000 	/System/Library/Frameworks/Accelerate.framework/Versions/A/Frameworks/vecLib.framework/Versions/A/libQuadrature.dylib
0x00007ff827f7a000 	/System/Library/Frameworks/Accelerate.framework/Versions/A/Frameworks/vecLib.framework/Versions/A/libBNNS.dylib
0x00007ff81f3b5000 	/System/Library/Frameworks/Accelerate.framework/Versions/A/Frameworks/vecLib.framework/Versions/A/libSparse.dylib
0x00007ff8251be000 	/System/Library/PrivateFrameworks/CoreAnalytics.framework/Versions/A/CoreAnalytics
0x00007ff827f73000 	/System/Library/PrivateFrameworks/LinguisticData.framework/Versions/A/LinguisticData
0x00007ff81f36a000 	/System/Library/PrivateFrameworks/Lexicon.framework/Versions/A/Lexicon
0x00007ff829dd0000 	/usr/lib/libChineseTokenizer.dylib
0x00007ff81face000 	/System/Library/PrivateFrameworks/LanguageModeling.framework/Versions/A/LanguageModeling
0x00007ff8297e3000 	/System/Library/PrivateFrameworks/AppleSauce.framework/Versions/A/AppleSauce
0x00007ff82881a000 	/System/Library/PrivateFrameworks/CoreEmoji.framework/Versions/A/CoreEmoji
0x00007ff8296e2000 	/usr/lib/libcmph.dylib
0x00007ff825f07000 	/System/Library/Frameworks/OpenDirectory.framework/Versions/A/Frameworks/CFOpenDirectory.framework/Versions/A/CFOpenDirectory
0x00007ff825efb000 	/System/Library/Frameworks/OpenDirectory.framework/Versions/A/OpenDirectory
0x00007ff829d29000 	/System/Library/PrivateFrameworks/APFS.framework/Versions/A/APFS
0x00007ff828b3b000 	/System/Library/Frameworks/SecurityFoundation.framework/Versions/A/SecurityFoundation
0x00007ff829da4000 	/usr/lib/libutil.dylib
0x00007ff8211ab000 	/System/Library/PrivateFrameworks/CoreServicesStore.framework/Versions/A/CoreServicesStore
0x00007ff825f55000 	/usr/lib/libapp_launch_measurement.dylib
0x00007ff829da8000 	/usr/lib/libxslt.1.dylib
0x00007ff828bc8000 	/System/Library/PrivateFrameworks/BackgroundTaskManagement.framework/Versions/A/BackgroundTaskManagement
0x00007ff82715d000 	/System/Library/Frameworks/IOSurface.framework/Versions/A/IOSurface
0x0000000105bac000 	/Users/tj/opt/anaconda3/lib/python3.9/lib-dynload/_lsprof.cpython-39-darwin.so
0x0000000106067000 	/Users/tj/opt/anaconda3/lib/python3.9/lib-dynload/_decimal.cpython-39-darwin.so
0x000000010601d000 	/Users/tj/opt/anaconda3/lib/python3.9/lib-dynload/pyexpat.cpython-39-darwin.so
0x0000000106127000 	/Users/tj/opt/anaconda3/lib/python3.9/site-packages/debugpy/_vendored/pydevd/_pydevd_bundle/pydevd_cython.cpython-39-darwin.so
0x0000000105ba6000 	/Users/tj/opt/anaconda3/lib/python3.9/site-packages/mkl/_mklinit.cpython-39-darwin.so
0x00000001091c5000 	/Users/tj/opt/anaconda3/lib/libmkl_rt.1.dylib
0x0000000105f07000 	/Users/tj/opt/anaconda3/lib/python3.9/site-packages/mkl/_py_mkl_service.cpython-39-darwin.so
0x0000000108bd2000 	/Users/tj/opt/anaconda3/lib/python3.9/site-packages/numpy/core/_multiarray_umath.cpython-39-darwin.so
0x0000000105ebe000 	/Users/tj/opt/anaconda3/lib/python3.9/site-packages/numpy/core/_multiarray_tests.cpython-39-darwin.so
0x0000000105d31000 	/Users/tj/opt/anaconda3/lib/python3.9/site-packages/numpy/linalg/lapack_lite.cpython-39-darwin.so
0x00000001060b1000 	/Users/tj/opt/anaconda3/lib/python3.9/site-packages/numpy/linalg/_umath_linalg.cpython-39-darwin.so
0x0000000105fb1000 	/Users/tj/opt/anaconda3/lib/python3.9/site-packages/numpy/fft/_pocketfft_internal.cpython-39-darwin.so
0x00000001088a6000 	/Users/tj/opt/anaconda3/lib/python3.9/site-packages/numpy/random/mtrand.cpython-39-darwin.so
0x000000010619f000 	/Users/tj/opt/anaconda3/lib/python3.9/site-packages/numpy/random/bit_generator.cpython-39-darwin.so
0x00000001061cc000 	/Users/tj/opt/anaconda3/lib/python3.9/site-packages/numpy/random/_common.cpython-39-darwin.so
0x000000010894d000 	/Users/tj/opt/anaconda3/lib/python3.9/site-packages/numpy/random/_bounded_integers.cpython-39-darwin.so
0x0000000105fc4000 	/Users/tj/opt/anaconda3/lib/python3.9/site-packages/numpy/random/_mt19937.cpython-39-darwin.so
0x0000000106050000 	/Users/tj/opt/anaconda3/lib/python3.9/site-packages/numpy/random/_philox.cpython-39-darwin.so
0x00000001060d2000 	/Users/tj/opt/anaconda3/lib/python3.9/site-packages/numpy/random/_pcg64.cpython-39-darwin.so
0x0000000105d9c000 	/Users/tj/opt/anaconda3/lib/python3.9/site-packages/numpy/random/_sfc64.cpython-39-darwin.so
0x0000000108a66000 	/Users/tj/opt/anaconda3/lib/python3.9/site-packages/numpy/random/_generator.cpython-39-darwin.so
0x000000010de3d000 	/Users/tj/opt/anaconda3/lib/libmkl_core.1.dylib
0x0000000108fc4000 	/Users/tj/opt/anaconda3/lib/libomp.dylib
0x00000001120db000 	/Users/tj/opt/anaconda3/lib/libmkl_intel_thread.1.dylib
0x000000010b250000 	/Users/tj/opt/anaconda3/lib/libmkl_intel_lp64.1.dylib
0x00000001191f3000 	/Users/tj/opt/anaconda3/lib/libmkl_avx2.1.dylib
0x000000010c8e9000 	/Users/tj/opt/anaconda3/lib/libmkl_vml_avx2.1.dylib
0x0000000105d8f000 	/Users/tj/opt/anaconda3/lib/python3.9/lib-dynload/mmap.cpython-39-darwin.so
0x0000000109bbd000 	/Users/tj/opt/anaconda3/lib/python3.9/site-packages/pandas/_libs/interval.cpython-39-darwin.so
0x0000000109e26000 	/Users/tj/opt/anaconda3/lib/python3.9/site-packages/pandas/_libs/hashtable.cpython-39-darwin.so
0x0000000108800000 	/Users/tj/opt/anaconda3/lib/python3.9/site-packages/pandas/_libs/missing.cpython-39-darwin.so
0x0000000106104000 	/Users/tj/opt/anaconda3/lib/python3.9/site-packages/pandas/_libs/tslibs/dtypes.cpython-39-darwin.so
0x00000001089a7000 	/Users/tj/opt/anaconda3/lib/python3.9/site-packages/pandas/_libs/tslibs/conversion.cpython-39-darwin.so
0x0000000105f22000 	/Users/tj/opt/anaconda3/lib/python3.9/site-packages/pandas/_libs/tslibs/base.cpython-39-darwin.so
0x00000001089e9000 	/Users/tj/opt/anaconda3/lib/python3.9/site-packages/pandas/_libs/tslibs/nattype.cpython-39-darwin.so
0x00000001060f2000 	/Users/tj/opt/anaconda3/lib/python3.9/site-packages/pandas/_libs/tslibs/np_datetime.cpython-39-darwin.so
0x000000010886a000 	/Users/tj/opt/anaconda3/lib/python3.9/site-packages/pandas/_libs/tslibs/timezones.cpython-39-darwin.so
0x0000000108b74000 	/Users/tj/opt/anaconda3/lib/python3.9/site-packages/pandas/_libs/tslibs/tzconversion.cpython-39-darwin.so
0x0000000108833000 	/Users/tj/opt/anaconda3/lib/python3.9/site-packages/pandas/_libs/tslibs/ccalendar.cpython-39-darwin.so
0x00000001090de000 	/Users/tj/opt/anaconda3/lib/python3.9/site-packages/pandas/_libs/tslibs/parsing.cpython-39-darwin.so
0x0000000109f88000 	/Users/tj/opt/anaconda3/lib/python3.9/site-packages/pandas/_libs/tslibs/offsets.cpython-39-darwin.so
0x0000000109cc6000 	/Users/tj/opt/anaconda3/lib/python3.9/site-packages/pandas/_libs/tslibs/timedeltas.cpython-39-darwin.so
0x000000010907b000 	/Users/tj/opt/anaconda3/lib/python3.9/site-packages/pandas/_libs/tslibs/fields.cpython-39-darwin.so
0x0000000109d2f000 	/Users/tj/opt/anaconda3/lib/python3.9/site-packages/pandas/_libs/tslibs/strptime.cpython-39-darwin.so
0x0000000109d89000 	/Users/tj/opt/anaconda3/lib/python3.9/site-packages/pandas/_libs/tslibs/timestamps.cpython-39-darwin.so
0x0000000108843000 	/Users/tj/opt/anaconda3/lib/python3.9/site-packages/pandas/_libs/properties.cpython-39-darwin.so
0x000000010a075000 	/Users/tj/opt/anaconda3/lib/python3.9/site-packages/pandas/_libs/tslibs/period.cpython-39-darwin.so
0x0000000108b27000 	/Users/tj/opt/anaconda3/lib/python3.9/site-packages/pandas/_libs/tslibs/vectorized.cpython-39-darwin.so
0x00000001060e4000 	/Users/tj/opt/anaconda3/lib/python3.9/site-packages/pandas/_libs/ops_dispatch.cpython-39-darwin.so
0x000000010a261000 	/Users/tj/opt/anaconda3/lib/python3.9/site-packages/pandas/_libs/algos.cpython-39-darwin.so
0x000000010a16a000 	/Users/tj/opt/anaconda3/lib/python3.9/site-packages/pandas/_libs/lib.cpython-39-darwin.so
0x0000000109142000 	/Users/tj/opt/anaconda3/lib/python3.9/site-packages/pandas/_libs/tslib.cpython-39-darwin.so
0x000000010916b000 	/Users/tj/opt/anaconda3/lib/python3.9/site-packages/pandas/_libs/hashing.cpython-39-darwin.so
0x0000000109191000 	/Users/tj/opt/anaconda3/lib/python3.9/site-packages/pandas/_libs/ops.cpython-39-darwin.so
0x0000000109dff000 	/Users/tj/opt/anaconda3/lib/python3.9/site-packages/numexpr/interpreter.cpython-39-darwin.so
0x0000000108a43000 	/Users/tj/opt/anaconda3/lib/python3.9/site-packages/bottleneck/reduce.cpython-39-darwin.so
0x0000000105d6c000 	/Users/tj/opt/anaconda3/lib/python3.9/site-packages/bottleneck/nonreduce.cpython-39-darwin.so
0x000000010620b000 	/Users/tj/opt/anaconda3/lib/python3.9/site-packages/bottleneck/nonreduce_axis.cpython-39-darwin.so
0x0000000108b5a000 	/Users/tj/opt/anaconda3/lib/python3.9/site-packages/bottleneck/move.cpython-39-darwin.so
0x0000000105fda000 	/Users/tj/opt/anaconda3/lib/python3.9/lib-dynload/_csv.cpython-39-darwin.so
0x0000000108a27000 	/Users/tj/opt/anaconda3/lib/python3.9/site-packages/pandas/_libs/arrays.cpython-39-darwin.so
0x000000010a3ef000 	/Users/tj/opt/anaconda3/lib/python3.9/site-packages/pandas/_libs/index.cpython-39-darwin.so
0x000000010a6f7000 	/Users/tj/opt/anaconda3/lib/python3.9/site-packages/pandas/_libs/join.cpython-39-darwin.so
0x000000010a545000 	/Users/tj/opt/anaconda3/lib/python3.9/site-packages/pandas/_libs/sparse.cpython-39-darwin.so
0x000000010a119000 	/Users/tj/opt/anaconda3/lib/python3.9/site-packages/pandas/_libs/reduction.cpython-39-darwin.so
0x0000000108852000 	/Users/tj/opt/anaconda3/lib/python3.9/site-packages/pandas/_libs/indexing.cpython-39-darwin.so
0x000000010a475000 	/Users/tj/opt/anaconda3/lib/python3.9/site-packages/pandas/_libs/internals.cpython-39-darwin.so
0x000000010a200000 	/Users/tj/opt/anaconda3/lib/python3.9/site-packages/pandas/_libs/writers.cpython-39-darwin.so
0x000000010a617000 	/Users/tj/opt/anaconda3/lib/python3.9/site-packages/pandas/_libs/window/aggregations.cpython-39-darwin.so
0x000000010a22d000 	/Users/tj/opt/anaconda3/lib/python3.9/site-packages/pandas/_libs/window/indexers.cpython-39-darwin.so
0x000000010a4bd000 	/Users/tj/opt/anaconda3/lib/python3.9/site-packages/pandas/_libs/reshape.cpython-39-darwin.so
0x000000010aa93000 	/Users/tj/opt/anaconda3/lib/python3.9/site-packages/pandas/_libs/groupby.cpython-39-darwin.so
0x000000010a97d000 	/Users/tj/opt/anaconda3/lib/python3.9/site-packages/pandas/_libs/parsers.cpython-39-darwin.so
0x000000010a0d6000 	/Users/tj/opt/anaconda3/lib/python3.9/site-packages/pandas/_libs/json.cpython-39-darwin.so
0x000000010a0ea000 	/Users/tj/opt/anaconda3/lib/python3.9/site-packages/pandas/_libs/testing.cpython-39-darwin.so
0x000000010885d000 	/Users/tj/opt/anaconda3/lib/python3.9/lib-dynload/cmath.cpython-39-darwin.so
0x000000010a100000 	/Users/tj/opt/anaconda3/lib/python3.9/lib-dynload/_elementtree.cpython-39-darwin.so
0x000000010a4f7000 	/Users/tj/opt/anaconda3/lib/python3.9/site-packages/scipy/_lib/_ccallback_c.cpython-39-darwin.so
0x000000010ac58000 	/Users/tj/opt/anaconda3/lib/python3.9/site-packages/scipy/spatial/ckdtree.cpython-39-darwin.so
0x000000010d6f9000 	/Users/tj/opt/anaconda3/lib/python3.9/site-packages/scipy/sparse/_sparsetools.cpython-39-darwin.so
0x000000010a9ef000 	/Users/tj/opt/anaconda3/lib/python3.9/site-packages/scipy/sparse/_csparsetools.cpython-39-darwin.so
0x000000010abab000 	/Users/tj/opt/anaconda3/lib/python3.9/site-packages/scipy/sparse/csgraph/_shortest_path.cpython-39-darwin.so
0x000000010a66e000 	/Users/tj/opt/anaconda3/lib/python3.9/site-packages/scipy/sparse/csgraph/_tools.cpython-39-darwin.so
0x000000010a697000 	/Users/tj/opt/anaconda3/lib/python3.9/site-packages/scipy/sparse/csgraph/_traversal.cpython-39-darwin.so
0x000000010a6bb000 	/Users/tj/opt/anaconda3/lib/python3.9/site-packages/scipy/sparse/csgraph/_min_spanning_tree.cpython-39-darwin.so
0x000000010ac13000 	/Users/tj/opt/anaconda3/lib/python3.9/site-packages/scipy/sparse/csgraph/_flow.cpython-39-darwin.so
0x000000010ad47000 	/Users/tj/opt/anaconda3/lib/python3.9/site-packages/scipy/sparse/csgraph/_matching.cpython-39-darwin.so
0x000000010ad06000 	/Users/tj/opt/anaconda3/lib/python3.9/site-packages/scipy/sparse/csgraph/_reordering.cpython-39-darwin.so
0x000000010ae82000 	/Users/tj/opt/anaconda3/lib/python3.9/site-packages/scipy/spatial/qhull.cpython-39-darwin.so
0x0000000108bc2000 	/Users/tj/opt/anaconda3/lib/python3.9/site-packages/scipy/_lib/messagestream.cpython-39-darwin.so
0x000000010ad89000 	/Users/tj/opt/anaconda3/lib/python3.9/site-packages/scipy/spatial/_voronoi.cpython-39-darwin.so
0x000000010af7d000 	/Users/tj/opt/anaconda3/lib/python3.9/site-packages/scipy/linalg/_fblas.cpython-39-darwin.so
0x000000010dbe0000 	/Users/tj/opt/anaconda3/lib/python3.9/site-packages/scipy/linalg/_flapack.cpython-39-darwin.so
0x000000010a50b000 	/Users/tj/opt/anaconda3/lib/python3.9/site-packages/scipy/linalg/_flinalg.cpython-39-darwin.so
0x000000010adde000 	/Users/tj/opt/anaconda3/lib/python3.9/site-packages/scipy/linalg/_solve_toeplitz.cpython-39-darwin.so
0x000000010ae10000 	/Users/tj/opt/anaconda3/lib/python3.9/site-packages/scipy/linalg/_matfuncs_sqrtm_triu.cpython-39-darwin.so
0x000000010b004000 	/Users/tj/opt/anaconda3/lib/python3.9/site-packages/scipy/linalg/_decomp_update.cpython-39-darwin.so
0x000000010b049000 	/Users/tj/opt/anaconda3/lib/python3.9/site-packages/scipy/linalg/cython_blas.cpython-39-darwin.so
0x000000010b11c000 	/Users/tj/opt/anaconda3/lib/python3.9/site-packages/scipy/linalg/cython_lapack.cpython-39-darwin.so
0x000000010a51e000 	/Users/tj/opt/anaconda3/lib/python3.9/site-packages/scipy/spatial/_distance_wrap.cpython-39-darwin.so
0x000000010ae3b000 	/Users/tj/opt/anaconda3/lib/python3.9/site-packages/scipy/spatial/_hausdorff.cpython-39-darwin.so
0x00000001163d8000 	/Users/tj/opt/anaconda3/lib/python3.9/site-packages/scipy/special/_ufuncs.cpython-39-darwin.so
0x0000000116598000 	/Users/tj/opt/anaconda3/lib/libgfortran.3.dylib
0x000000010b0b6000 	/Users/tj/opt/anaconda3/lib/libquadmath.0.dylib
0x000000010ae61000 	/Users/tj/opt/anaconda3/lib/libgcc_s.1.dylib
0x000000010b07e000 	/Users/tj/opt/anaconda3/lib/python3.9/site-packages/scipy/special/_ufuncs_cxx.cpython-39-darwin.so
0x00000001162e0000 	/Users/tj/opt/anaconda3/lib/python3.9/site-packages/scipy/special/specfun.cpython-39-darwin.so
0x0000000106216000 	/Users/tj/opt/anaconda3/lib/python3.9/site-packages/scipy/special/_comb.cpython-39-darwin.so
0x000000010a531000 	/Users/tj/opt/anaconda3/lib/python3.9/site-packages/scipy/special/_ellip_harm_2.cpython-39-darwin.so
0x000000010b200000 	/Users/tj/opt/anaconda3/lib/python3.9/site-packages/scipy/spatial/_distance_pybind.cpython-39-darwin.so
0x0000000116220000 	/Users/tj/opt/anaconda3/lib/python3.9/site-packages/scipy/spatial/transform/rotation.cpython-39-darwin.so
0x000000010b0ee000 	/Users/tj/opt/anaconda3/lib/python3.9/site-packages/scipy/ndimage/_nd_image.cpython-39-darwin.so
0x000000010dde6000 	/Users/tj/opt/anaconda3/lib/python3.9/site-packages/scipy/ndimage/_ni_label.cpython-39-darwin.so
0x00000001090cd000 	/Users/tj/opt/anaconda3/lib/python3.9/site-packages/scipy/optimize/minpack2.cpython-39-darwin.so
0x000000010dd9c000 	/Users/tj/opt/anaconda3/lib/python3.9/site-packages/scipy/sparse/linalg/isolve/_iterative.cpython-39-darwin.so
0x000000011671a000 	/Users/tj/opt/anaconda3/lib/python3.9/site-packages/scipy/sparse/linalg/dsolve/_superlu.cpython-39-darwin.so
0x0000000116812000 	/Users/tj/opt/anaconda3/lib/python3.9/site-packages/scipy/sparse/linalg/eigen/arpack/_arpack.cpython-39-darwin.so
0x000000010a6e4000 	/Users/tj/opt/anaconda3/lib/python3.9/site-packages/scipy/optimize/_group_columns.cpython-39-darwin.so
0x00000001166c3000 	/Users/tj/opt/anaconda3/lib/python3.9/site-packages/scipy/optimize/_trlib/_trlib.cpython-39-darwin.so
0x000000010b1ba000 	/Users/tj/opt/anaconda3/lib/python3.9/site-packages/scipy/optimize/_lbfgsb.cpython-39-darwin.so
0x000000010a251000 	/Users/tj/opt/anaconda3/lib/python3.9/site-packages/scipy/optimize/moduleTNC.cpython-39-darwin.so
0x000000010b1dd000 	/Users/tj/opt/anaconda3/lib/python3.9/site-packages/scipy/optimize/_cobyla.cpython-39-darwin.so
0x00000001162ad000 	/Users/tj/opt/anaconda3/lib/python3.9/site-packages/scipy/optimize/_slsqp.cpython-39-darwin.so
0x00000001163a0000 	/Users/tj/opt/anaconda3/lib/python3.9/site-packages/scipy/optimize/_minpack.cpython-39-darwin.so
0x0000000116771000 	/Users/tj/opt/anaconda3/lib/python3.9/site-packages/scipy/optimize/_lsq/givens_elimination.cpython-39-darwin.so
0x0000000105d36000 	/Users/tj/opt/anaconda3/lib/python3.9/site-packages/scipy/optimize/_zeros.cpython-39-darwin.so
0x000000010aa78000 	/Users/tj/opt/anaconda3/lib/python3.9/site-packages/scipy/optimize/__nnls.cpython-39-darwin.so
0x0000000116a91000 	/Users/tj/opt/anaconda3/lib/python3.9/site-packages/scipy/optimize/_highs/_highs_wrapper.cpython-39-darwin.so
0x0000000108a3a000 	/Users/tj/opt/anaconda3/lib/python3.9/site-packages/scipy/optimize/_highs/_highs_constants.cpython-39-darwin.so
0x000000011696d000 	/Users/tj/opt/anaconda3/lib/python3.9/site-packages/scipy/linalg/_interpolative.cpython-39-darwin.so
0x00000001167d0000 	/Users/tj/opt/anaconda3/lib/python3.9/site-packages/scipy/optimize/_bglu_dense.cpython-39-darwin.so
0x0000000105dcb000 	/Users/tj/opt/anaconda3/lib/python3.9/site-packages/scipy/optimize/_lsap_module.cpython-39-darwin.so
0x000000010adc5000 	/Users/tj/opt/anaconda3/lib/python3.9/site-packages/scipy/integrate/_odepack.cpython-39-darwin.so
0x00000001167b1000 	/Users/tj/opt/anaconda3/lib/python3.9/site-packages/scipy/integrate/_quadpack.cpython-39-darwin.so
0x00000001168f0000 	/Users/tj/opt/anaconda3/lib/python3.9/site-packages/scipy/integrate/vode.cpython-39-darwin.so
0x000000011692b000 	/Users/tj/opt/anaconda3/lib/python3.9/site-packages/scipy/integrate/_dop.cpython-39-darwin.so
0x00000001168b5000 	/Users/tj/opt/anaconda3/lib/python3.9/site-packages/scipy/integrate/lsoda.cpython-39-darwin.so
0x0000000116c81000 	/Users/tj/opt/anaconda3/lib/python3.9/site-packages/scipy/interpolate/_fitpack.cpython-39-darwin.so
0x0000000116cb9000 	/Users/tj/opt/anaconda3/lib/python3.9/site-packages/scipy/interpolate/dfitpack.cpython-39-darwin.so
0x0000000116d22000 	/Users/tj/opt/anaconda3/lib/python3.9/site-packages/scipy/interpolate/_bspl.cpython-39-darwin.so
0x0000000116d5b000 	/Users/tj/opt/anaconda3/lib/python3.9/site-packages/scipy/interpolate/_ppoly.cpython-39-darwin.so
0x0000000116da8000 	/Users/tj/opt/anaconda3/lib/python3.9/site-packages/scipy/interpolate/interpnd.cpython-39-darwin.so
0x0000000116df7000 	/Users/tj/opt/anaconda3/lib/python3.9/site-packages/scipy/interpolate/_rbfinterp_pythran.cpython-39-darwin.so
0x0000000116ec2000 	/Users/tj/opt/anaconda3/lib/python3.9/site-packages/scipy/stats/_stats.cpython-39-darwin.so
0x0000000117175000 	/Users/tj/opt/anaconda3/lib/python3.9/site-packages/scipy/special/cython_special.cpython-39-darwin.so
0x0000000116e43000 	/Users/tj/opt/anaconda3/lib/python3.9/site-packages/scipy/stats/_boost/beta_ufunc.cpython-39-darwin.so
0x0000000116f43000 	/Users/tj/opt/anaconda3/lib/python3.9/site-packages/scipy/stats/_boost/binom_ufunc.cpython-39-darwin.so
0x0000000116f86000 	/Users/tj/opt/anaconda3/lib/python3.9/site-packages/scipy/stats/_boost/nbinom_ufunc.cpython-39-darwin.so
0x0000000116a4d000 	/Users/tj/opt/anaconda3/lib/python3.9/site-packages/scipy/stats/biasedurn.cpython-39-darwin.so
0x000000010b09b000 	/Users/tj/opt/anaconda3/lib/python3.9/site-packages/scipy/stats/statlib.cpython-39-darwin.so
0x0000000116fcc000 	/Users/tj/opt/anaconda3/lib/python3.9/site-packages/scipy/stats/mvn.cpython-39-darwin.so
0x00000001173a9000 	/Users/tj/opt/anaconda3/lib/python3.9/site-packages/scipy/stats/_sobol.cpython-39-darwin.so
0x00000001170da000 	/Users/tj/opt/anaconda3/lib/python3.9/site-packages/scipy/stats/_qmc_cy.cpython-39-darwin.so
0x00000001162d0000 	/Users/tj/opt/anaconda3/lib/python3.9/lib-dynload/_tkinter.cpython-39-darwin.so
0x00000001176e1000 	/Users/tj/opt/anaconda3/lib/libtcl8.6.dylib
0x00000001179ee000 	/Users/tj/opt/anaconda3/lib/libtk8.6.dylib
0x00007ff923107000 	/System/Library/Frameworks/Carbon.framework/Versions/A/Carbon
0x00007ff836d48000 	/System/Library/Frameworks/Carbon.framework/Versions/A/Frameworks/CommonPanels.framework/Versions/A/CommonPanels
0x00007ff832e88000 	/System/Library/Frameworks/Carbon.framework/Versions/A/Frameworks/Help.framework/Versions/A/Help
0x00007ff82750c000 	/System/Library/Frameworks/Carbon.framework/Versions/A/Frameworks/HIToolbox.framework/Versions/A/HIToolbox
0x00007ff836d4c000 	/System/Library/Frameworks/Carbon.framework/Versions/A/Frameworks/ImageCapture.framework/Versions/A/ImageCapture
0x00007ff836d1c000 	/System/Library/Frameworks/Carbon.framework/Versions/A/Frameworks/OpenScripting.framework/Versions/A/OpenScripting
0x00007ff836d44000 	/System/Library/Frameworks/Carbon.framework/Versions/A/Frameworks/Ink.framework/Versions/A/Ink
0x00007ff923103000 	/System/Library/Frameworks/Carbon.framework/Versions/A/Frameworks/Print.framework/Versions/A/Print
0x00007ff836d40000 	/System/Library/Frameworks/Carbon.framework/Versions/A/Frameworks/SecurityHI.framework/Versions/A/SecurityHI
0x00007ff82f460000 	/System/Library/Frameworks/Carbon.framework/Versions/A/Frameworks/SpeechRecognition.framework/Versions/A/SpeechRecognition
0x00007ff833106000 	/System/Library/Frameworks/ApplicationServices.framework/Versions/A/ApplicationServices
0x00007ff823b73000 	/System/Library/Frameworks/CoreGraphics.framework/Versions/A/CoreGraphics
0x00007ff81ff7b000 	/System/Library/Frameworks/CoreText.framework/Versions/A/CoreText
0x00007ff82784b000 	/System/Library/Frameworks/ImageIO.framework/Versions/A/ImageIO
0x00007ff82423f000 	/System/Library/Frameworks/ColorSync.framework/Versions/A/ColorSync
0x00007ff82c2b5000 	/System/Library/Frameworks/ApplicationServices.framework/Versions/A/Frameworks/ATS.framework/Versions/A/ATS
0x00007ff82433b000 	/System/Library/Frameworks/ApplicationServices.framework/Versions/A/Frameworks/HIServices.framework/Versions/A/HIServices
0x00007ff82b290000 	/System/Library/Frameworks/ApplicationServices.framework/Versions/A/Frameworks/PrintCore.framework/Versions/A/PrintCore
0x00007ff82c639000 	/System/Library/Frameworks/ApplicationServices.framework/Versions/A/Frameworks/QD.framework/Versions/A/QD
0x00007ff82c631000 	/System/Library/Frameworks/ApplicationServices.framework/Versions/A/Frameworks/ColorSyncLegacy.framework/Versions/A/ColorSyncLegacy
0x00007ff82c2a5000 	/System/Library/Frameworks/ApplicationServices.framework/Versions/A/Frameworks/SpeechSynthesis.framework/Versions/A/SpeechSynthesis
0x00007ff8237e0000 	/System/Library/PrivateFrameworks/SkyLight.framework/Versions/A/SkyLight
0x00007ff8273d3000 	/System/Library/PrivateFrameworks/FontServices.framework/libFontParser.dylib
0x00007ff824f38000 	/System/Library/PrivateFrameworks/RunningBoardServices.framework/Versions/A/RunningBoardServices
0x00007ff8359f1000 	/System/Library/PrivateFrameworks/IOSurfaceAccelerator.framework/Versions/A/IOSurfaceAccelerator
0x00007ff82ab85000 	/System/Library/PrivateFrameworks/WatchdogClient.framework/Versions/A/WatchdogClient
0x00007ff81fbbd000 	/System/Library/Frameworks/CoreDisplay.framework/Versions/A/CoreDisplay
0x00007ff8272d2000 	/System/Library/Frameworks/CoreMedia.framework/Versions/A/CoreMedia
0x00007ff82716f000 	/System/Library/PrivateFrameworks/IOAccelerator.framework/Versions/A/IOAccelerator
0x00007ff827178000 	/System/Library/Frameworks/Metal.framework/Versions/A/Metal
0x00007ff826083000 	/System/Library/Frameworks/CoreVideo.framework/Versions/A/CoreVideo
0x00007ff829835000 	/System/Library/Frameworks/MetalPerformanceShaders.framework/Versions/A/MetalPerformanceShaders
0x00007ff82ab89000 	/System/Library/PrivateFrameworks/MultitouchSupport.framework/Versions/A/MultitouchSupport
0x00007ff825982000 	/System/Library/Frameworks/QuartzCore.framework/Versions/A/QuartzCore
0x00007ff82abc0000 	/System/Library/Frameworks/VideoToolbox.framework/Versions/A/VideoToolbox
0x00007ff824e80000 	/System/Library/PrivateFrameworks/BaseBoard.framework/Versions/A/BaseBoard
0x00007ff824c0d000 	/System/Library/PrivateFrameworks/ProtocolBuffer.framework/Versions/A/ProtocolBuffer
0x00007ff829f2f000 	/usr/lib/libate.dylib
0x00007ff82b218000 	/System/Library/Frameworks/ImageIO.framework/Versions/A/Resources/libRadiance.dylib
0x00007ff82b221000 	/System/Library/Frameworks/ImageIO.framework/Versions/A/Resources/libJPEG.dylib
0x00007ff82b171000 	/System/Library/Frameworks/ImageIO.framework/Versions/A/Resources/libPng.dylib
0x00007ff82b192000 	/System/Library/Frameworks/ImageIO.framework/Versions/A/Resources/libTIFF.dylib
0x00007ff82b281000 	/System/Library/Frameworks/ImageIO.framework/Versions/A/Resources/libGIF.dylib
0x00007ff82aaa2000 	/System/Library/Frameworks/ImageIO.framework/Versions/A/Resources/libJP2.dylib
0x00007ff82a1e4000 	/usr/lib/libexpat.1.dylib
0x00007ff82aa57000 	/System/Library/PrivateFrameworks/AppleJPEG.framework/Versions/A/AppleJPEG
0x00007ff82b211000 	/System/Library/PrivateFrameworks/GPUWrangler.framework/Versions/A/GPUWrangler
0x00007ff82b1f4000 	/System/Library/PrivateFrameworks/IOPresentment.framework/Versions/A/IOPresentment
0x00007ff82b21b000 	/System/Library/PrivateFrameworks/DSExternalDisplay.framework/Versions/A/DSExternalDisplay
0x00007ffa364ec000 	/System/Library/Frameworks/OpenGL.framework/Versions/A/Libraries/libCoreFSCache.dylib
0x00007ffb22590000 	/System/Library/PrivateFrameworks/GPUCompiler.framework/Versions/31001/Libraries/libGPUCompilerUtils.dylib
0x00007ff82b286000 	/System/Library/PrivateFrameworks/CMCaptureCore.framework/Versions/A/CMCaptureCore
0x00007ff82a7a2000 	/usr/lib/libspindump.dylib
0x00007ff820165000 	/System/Library/Frameworks/CoreAudio.framework/Versions/A/CoreAudio
0x00007ff82a790000 	/System/Library/PrivateFrameworks/AppServerSupport.framework/Versions/A/AppServerSupport
0x00007ff82c96d000 	/System/Library/PrivateFrameworks/perfdata.framework/Versions/A/perfdata
0x00007ff81fce9000 	/System/Library/PrivateFrameworks/AudioToolboxCore.framework/Versions/A/AudioToolboxCore
0x00007ff8272af000 	/System/Library/PrivateFrameworks/caulk.framework/Versions/A/caulk
0x00007ff82c291000 	/usr/lib/libAudioStatistics.dylib
0x00007ff9235be000 	/System/Library/PrivateFrameworks/SystemPolicy.framework/Versions/A/SystemPolicy
0x00007ff82c4e6000 	/usr/lib/libSMC.dylib
0x00007ff83532a000 	/System/Library/Frameworks/CoreMIDI.framework/Versions/A/CoreMIDI
0x00007ff82b141000 	/usr/lib/libAudioToolboxUtility.dylib
0x00007ff91f9d0000 	/System/Library/PrivateFrameworks/OSAServicesClient.framework/Versions/A/OSAServicesClient
0x00007ff82c97a000 	/usr/lib/libperfcheck.dylib
0x00007ff924050000 	/usr/lib/libmis.dylib
0x00007ffa364f8000 	/System/Library/Frameworks/OpenGL.framework/Versions/A/OpenGL
0x00007ffa36548000 	/System/Library/Frameworks/OpenGL.framework/Versions/A/Libraries/libGLU.dylib
0x00007ffa3650b000 	/System/Library/Frameworks/OpenGL.framework/Versions/A/Libraries/libGFXShared.dylib
0x00007ffa36719000 	/System/Library/Frameworks/OpenGL.framework/Versions/A/Libraries/libGL.dylib
0x00007ffa36514000 	/System/Library/Frameworks/OpenGL.framework/Versions/A/Libraries/libGLImage.dylib
0x00007ffa36508000 	/System/Library/Frameworks/OpenGL.framework/Versions/A/Libraries/libCVMSPluginSupport.dylib
0x00007ffa364f3000 	/System/Library/Frameworks/OpenGL.framework/Versions/A/Libraries/libCoreVMClient.dylib
0x00007ff827e0e000 	/System/Library/Frameworks/MetalPerformanceShaders.framework/Versions/A/Frameworks/MPSCore.framework/Versions/A/MPSCore
0x00007ff8291d1000 	/System/Library/Frameworks/MetalPerformanceShaders.framework/Versions/A/Frameworks/MPSImage.framework/Versions/A/MPSImage
0x00007ff828c84000 	/System/Library/Frameworks/MetalPerformanceShaders.framework/Versions/A/Frameworks/MPSNeuralNetwork.framework/Versions/A/MPSNeuralNetwork
0x00007ff8290f9000 	/System/Library/Frameworks/MetalPerformanceShaders.framework/Versions/A/Frameworks/MPSMatrix.framework/Versions/A/MPSMatrix
0x00007ff828eb5000 	/System/Library/Frameworks/MetalPerformanceShaders.framework/Versions/A/Frameworks/MPSRayIntersector.framework/Versions/A/MPSRayIntersector
0x00007ff829132000 	/System/Library/Frameworks/MetalPerformanceShaders.framework/Versions/A/Frameworks/MPSNDArray.framework/Versions/A/MPSNDArray
0x00007ffa3b10a000 	/System/Library/Frameworks/MetalPerformanceShaders.framework/Versions/A/Frameworks/MPSFunctions.framework/Versions/A/MPSFunctions
0x00007ff81efeb000 	/System/Library/PrivateFrameworks/MetalTools.framework/Versions/A/MetalTools
0x00007ff827e88000 	/System/Library/PrivateFrameworks/AggregateDictionary.framework/Versions/A/AggregateDictionary
0x00007ff829fc6000 	/usr/lib/libIOReport.dylib
0x00007ff827a95000 	/System/Library/Frameworks/CoreImage.framework/Versions/A/CoreImage
0x00007ffa37b28000 	/System/Library/Frameworks/OpenCL.framework/Versions/A/OpenCL
0x00007ff82a32a000 	/System/Library/PrivateFrameworks/FaceCore.framework/Versions/A/FaceCore
0x00007ff82a31b000 	/System/Library/PrivateFrameworks/GraphVisualizer.framework/Versions/A/GraphVisualizer
0x00007ffb2249b000 	/System/Library/PrivateFrameworks/FontServices.framework/Versions/A/FontServices
0x00007ff822419000 	/System/Library/Frameworks/UniformTypeIdentifiers.framework/Versions/A/UniformTypeIdentifiers
0x00007ff82a747000 	/System/Library/PrivateFrameworks/OTSVG.framework/Versions/A/OTSVG
0x00007ff825c6b000 	/System/Library/Frameworks/ApplicationServices.framework/Versions/A/Frameworks/ATS.framework/Versions/A/Resources/libFontRegistry.dylib
0x00007ff82a798000 	/System/Library/PrivateFrameworks/FontServices.framework/libhvf.dylib
0x00007ffb2249c000 	/System/Library/PrivateFrameworks/FontServices.framework/libXTFontStaticRegistryData.dylib
0x00007ff82a194000 	/System/Library/PrivateFrameworks/AppleVA.framework/Versions/A/AppleVA
0x00007ff82b251000 	/System/Library/Frameworks/ApplicationServices.framework/Versions/A/Frameworks/ATSUI.framework/Versions/A/ATSUI
0x00007ff82c5c6000 	/usr/lib/libcups.2.dylib
0x00007ff82c989000 	/System/Library/Frameworks/Kerberos.framework/Versions/A/Kerberos
0x00007ff82c998000 	/System/Library/Frameworks/GSS.framework/Versions/A/GSS
0x00007ff82c321000 	/usr/lib/libresolv.9.dylib
0x00007ff82a7a7000 	/System/Library/PrivateFrameworks/Heimdal.framework/Versions/A/Heimdal
0x00007ff833481000 	/System/Library/Frameworks/Kerberos.framework/Versions/A/Libraries/libHeimdalProxy.dylib
0x00007ff82500d000 	/System/Library/Frameworks/Network.framework/Versions/A/Network
0x00007ff82a1fe000 	/usr/lib/libheimdal-asn1.dylib
0x00007ff82c9e4000 	/System/Library/PrivateFrameworks/CommonAuth.framework/Versions/A/CommonAuth
0x00007ff82c0e7000 	/System/Library/Frameworks/AudioToolbox.framework/Versions/A/AudioToolbox
0x00007ff82c222000 	/System/Library/PrivateFrameworks/AudioSession.framework/Versions/A/AudioSession
0x00007ff82a28e000 	/System/Library/PrivateFrameworks/MediaExperience.framework/Versions/A/MediaExperience
0x00007ff82c0b6000 	/System/Library/PrivateFrameworks/AudioSession.framework/libSessionUtility.dylib
0x00007ff82c645000 	/System/Library/PrivateFrameworks/AudioResourceArbitration.framework/Versions/A/AudioResourceArbitration
0x00007ff830636000 	/System/Library/PrivateFrameworks/PowerLog.framework/Versions/A/PowerLog
0x00007ff8247f2000 	/System/Library/Frameworks/CoreData.framework/Versions/A/CoreData
0x00007ff825cb5000 	/System/Library/PrivateFrameworks/CoreUI.framework/Versions/A/CoreUI
0x00007ff825eef000 	/System/Library/PrivateFrameworks/PerformanceAnalysis.framework/Versions/A/PerformanceAnalysis
0x00007ff82b2f8000 	/System/Library/PrivateFrameworks/TextureIO.framework/Versions/A/TextureIO
0x00007ff82781c000 	/System/Library/PrivateFrameworks/CoreSVG.framework/Versions/A/CoreSVG
0x00007ff82b3c2000 	/System/Library/PrivateFrameworks/InternationalSupport.framework/Versions/A/InternationalSupport
0x00007ff82f450000 	/System/Library/PrivateFrameworks/SpeechRecognitionCore.framework/Versions/A/SpeechRecognitionCore
0x00007ff8212fc000 	/System/Library/Frameworks/AppKit.framework/Versions/C/AppKit
0x00007ff82218b000 	/System/Library/PrivateFrameworks/UIFoundation.framework/Versions/A/UIFoundation
0x00007ff82f428000 	/System/Library/PrivateFrameworks/RemoteViewServices.framework/Versions/A/RemoteViewServices
0x00007ff827818000 	/System/Library/PrivateFrameworks/XCTTargetBootstrap.framework/Versions/A/XCTTargetBootstrap
0x00007ff82b44c000 	/System/Library/PrivateFrameworks/UserActivity.framework/Versions/A/UserActivity
0x00007ff82a21d000 	/System/Library/PrivateFrameworks/IconServices.framework/Versions/A/IconServices
0x00007ff827804000 	/System/Library/PrivateFrameworks/DFRFoundation.framework/Versions/A/DFRFoundation
0x00007ff82b3ce000 	/System/Library/PrivateFrameworks/DataDetectorsCore.framework/Versions/A/DataDetectorsCore
0x00007ff926d2d000 	/System/Library/PrivateFrameworks/TextInput.framework/Versions/A/TextInput
0x00007ff828b03000 	/System/Library/PrivateFrameworks/MobileKeyBag.framework/Versions/A/MobileKeyBag
0x00007ff82a207000 	/System/Library/PrivateFrameworks/IconFoundation.framework/Versions/A/IconFoundation
0x0000000117606000 	/Users/tj/opt/anaconda3/lib/python3.9/site-packages/regex/_regex.cpython-39-darwin.so
0x0000000105d96000 	/Users/tj/opt/anaconda3/lib/python3.9/site-packages/sklearn/__check_build/_check_build.cpython-39-darwin.so
0x00000001163c2000 	/Users/tj/opt/anaconda3/lib/python3.9/site-packages/sklearn/utils/murmurhash.cpython-39-darwin.so
0x0000000105d71000 	/Users/tj/opt/anaconda3/lib/python3.9/lib-dynload/_multiprocessing.cpython-39-darwin.so
0x000000010aa84000 	/Users/tj/opt/anaconda3/lib/python3.9/site-packages/psutil/_psutil_osx.cpython-39-darwin.so
0x0000000105da9000 	/Users/tj/opt/anaconda3/lib/python3.9/site-packages/psutil/_psutil_posix.cpython-39-darwin.so
0x000000010a15d000 	/Users/tj/opt/anaconda3/lib/python3.9/site-packages/sklearn/utils/_openmp_helpers.cpython-39-darwin.so
0x0000000116706000 	/Users/tj/opt/anaconda3/lib/python3.9/site-packages/sklearn/feature_extraction/_hashing_fast.cpython-39-darwin.so
0x0000000116e91000 	/Users/tj/opt/anaconda3/lib/python3.9/site-packages/sklearn/utils/_logistic_sigmoid.cpython-39-darwin.so
0x0000000117867000 	/Users/tj/opt/anaconda3/lib/python3.9/site-packages/sklearn/utils/sparsefuncs_fast.cpython-39-darwin.so
0x0000000117139000 	/Users/tj/opt/anaconda3/lib/python3.9/site-packages/sklearn/preprocessing/_csr_polynomial_expansion.cpython-39-darwin.so
0x00000001175ac000 	/Users/tj/opt/anaconda3/lib/python3.9/site-packages/sklearn/svm/_libsvm.cpython-39-darwin.so
0x0000000117957000 	/Users/tj/opt/anaconda3/lib/python3.9/site-packages/sklearn/utils/_cython_blas.cpython-39-darwin.so
0x0000000117104000 	/Users/tj/opt/anaconda3/lib/python3.9/site-packages/sklearn/svm/_liblinear.cpython-39-darwin.so
0x0000000117905000 	/Users/tj/opt/anaconda3/lib/python3.9/site-packages/sklearn/svm/_libsvm_sparse.cpython-39-darwin.so
0x000000011755c000 	/Users/tj/opt/anaconda3/lib/python3.9/site-packages/sklearn/utils/_seq_dataset.cpython-39-darwin.so
0x0000000116794000 	/Users/tj/opt/anaconda3/lib/python3.9/site-packages/sklearn/utils/_random.cpython-39-darwin.so
0x00000001176b0000 	/Users/tj/opt/anaconda3/lib/python3.9/site-packages/sklearn/utils/arrayfuncs.cpython-39-darwin.so
0x0000000116a26000 	/Users/tj/opt/anaconda3/lib/python3.9/site-packages/sklearn/metrics/cluster/_expected_mutual_info_fast.cpython-39-darwin.so
0x0000000117b76000 	/Users/tj/opt/anaconda3/lib/python3.9/site-packages/sklearn/metrics/_pairwise_fast.cpython-39-darwin.so
0x0000000117c09000 	/Users/tj/opt/anaconda3/lib/python3.9/site-packages/sklearn/linear_model/_cd_fast.cpython-39-darwin.so
0x0000000117ba7000 	/Users/tj/opt/anaconda3/lib/python3.9/site-packages/sklearn/linear_model/_sgd_fast.cpython-39-darwin.so
0x00000001179aa000 	/Users/tj/opt/anaconda3/lib/python3.9/site-packages/sklearn/utils/_weight_vector.cpython-39-darwin.so
0x0000000117be1000 	/Users/tj/opt/anaconda3/lib/python3.9/site-packages/sklearn/linear_model/_sag_fast.cpython-39-darwin.so
0x00000001168d2000 	/Users/tj/opt/anaconda3/lib/python3.9/site-packages/sklearn/datasets/_svmlight_format_fast.cpython-39-darwin.so
0x000000010ac4a000 	/Users/tj/opt/anaconda3/lib/python3.9/site-packages/scipy/io/matlab/mio_utils.cpython-39-darwin.so
0x0000000117c6c000 	/Users/tj/opt/anaconda3/lib/python3.9/site-packages/scipy/io/matlab/mio5_utils.cpython-39-darwin.so
0x0000000116956000 	/Users/tj/opt/anaconda3/lib/python3.9/site-packages/scipy/io/matlab/streams.cpython-39-darwin.so
0x0000000117d30000 	/Users/tj/opt/anaconda3/lib/python3.9/site-packages/_jpype.cpython-39-darwin.so
0x0000000105fe2000 	/Users/tj/opt/anaconda3/lib/python3.9/site-packages/matplotlib/_c_internal_utils.cpython-39-darwin.so
0x0000000117dc8000 	/Users/tj/opt/anaconda3/lib/python3.9/site-packages/PIL/_imaging.cpython-39-darwin.so
0x0000000117cda000 	/Users/tj/opt/anaconda3/lib/libjpeg.9.dylib
0x0000000117eb1000 	/Users/tj/opt/anaconda3/lib/libtiff.5.dylib
0x0000000117fbf000 	/Users/tj/opt/anaconda3/lib/libwebp.7.dylib
0x0000000118129000 	/Users/tj/opt/anaconda3/lib/libzstd.1.4.9.dylib
0x0000000117c9b000 	/Users/tj/opt/anaconda3/lib/python3.9/site-packages/matplotlib/_path.cpython-39-darwin.so
0x0000000116a76000 	/Users/tj/opt/anaconda3/lib/python3.9/site-packages/matplotlib/ft2font.cpython-39-darwin.so
0x0000000118204000 	/Users/tj/opt/anaconda3/lib/libfreetype.6.dylib
0x0000000117e68000 	/Users/tj/opt/anaconda3/lib/libpng16.16.dylib
0x0000000117e31000 	/Users/tj/opt/anaconda3/lib/python3.9/site-packages/kiwisolver.cpython-39-darwin.so
0x0000000117f32000 	/Users/tj/opt/anaconda3/lib/python3.9/site-packages/matplotlib/_image.cpython-39-darwin.so
0x000000011804e000 	/Users/tj/opt/anaconda3/lib/python3.9/site-packages/matplotlib/backends/_backend_agg.cpython-39-darwin.so
0x000000010adad000 	/Users/tj/opt/anaconda3/lib/python3.9/site-packages/PIL/_imagingft.cpython-39-darwin.so
0x0000000117f60000 	/Users/tj/opt/anaconda3/lib/python3.9/site-packages/wordcloud/query_integral_image.cpython-39-darwin.so
0x0000000117592000 	/Library/Java/JavaVirtualMachines/jdk-11.0.14.jdk/Contents/Home/lib/jli/libjli.dylib
0x00007ff835477000 	/System/Library/Frameworks/Cocoa.framework/Versions/A/Cocoa
0x000000011c1cc000 	/Library/Java/JavaVirtualMachines/jdk-11.0.14.jdk/Contents/Home/lib/server/libjvm.dylib
0x0000000117126000 	/Library/Java/JavaVirtualMachines/jdk-11.0.14.jdk/Contents/Home/lib/libverify.dylib
0x0000000118089000 	/Library/Java/JavaVirtualMachines/jdk-11.0.14.jdk/Contents/Home/lib/libjava.dylib
0x000000010de31000 	/Library/Java/JavaVirtualMachines/jdk-11.0.14.jdk/Contents/Home/lib/libjimage.dylib
0x0000000116eb4000 	/Library/Java/JavaVirtualMachines/jdk-11.0.14.jdk/Contents/Home/lib/libzip.dylib
0x0000000117cc1000 	/Library/Java/JavaVirtualMachines/jdk-11.0.14.jdk/Contents/Home/lib/libnio.dylib
0x00000001180f5000 	/Library/Java/JavaVirtualMachines/jdk-11.0.14.jdk/Contents/Home/lib/libnet.dylib


VM Arguments:
jvm_args: -Dfile.encoding=UTF8 -ea -Xmx1024m 
java_command: <unknown>
java_class_path (initial): /Users/tj/opt/anaconda3/lib/python3.9/site-packages/konlpy/java:/Users/tj/opt/anaconda3/lib/python3.9/site-packages/konlpy/java/bin:/Users/tj/opt/anaconda3/lib/python3.9/site-packages/konlpy/java/scala-library-2.12.3.jar:/Users/tj/opt/anaconda3/lib/python3.9/site-packages/konlpy/java/twitter-text-1.14.7.jar:/Users/tj/opt/anaconda3/lib/python3.9/site-packages/konlpy/java/komoran-3.0.jar:/Users/tj/opt/anaconda3/lib/python3.9/site-packages/konlpy/java/jhannanum-0.8.4.jar:/Users/tj/opt/anaconda3/lib/python3.9/site-packages/konlpy/java/open-korean-text-2.1.0.jar:/Users/tj/opt/anaconda3/lib/python3.9/site-packages/konlpy/java/aho-corasick.jar:/Users/tj/opt/anaconda3/lib/python3.9/site-packages/konlpy/java/kkma-2.0.jar:/Users/tj/opt/anaconda3/lib/python3.9/site-packages/konlpy/java/shineware-common-1.0.jar:/Users/tj/opt/anaconda3/lib/python3.9/site-packages/konlpy/java/snakeyaml-1.12.jar:/Users/tj/opt/anaconda3/lib/python3.9/site-packages/konlpy/java/shineware-ds-1.0.jar:/Users/tj/opt/anaconda3/lib/python3.9/site-packages/konlpy/java/jhannanum-0.8.4.jar:/Users/tj/opt/anaconda3/lib/python3.9/site-packages/konlpy/java/kkma-2.0.jar:/Users/tj/opt/anaconda3/lib/python3.9/site-packages/konlpy/java/aho-corasick.jar:/Users/tj/opt/anaconda3/lib/python3.9/site-packages/konlpy/java/shineware-common-1.0.jar:/Users/tj/opt/anaconda3/lib/python3.9/site-packages/konlpy/java/shineware-ds-1.0.jar:/Users/tj/opt/anaconda3/lib/python3.9/site-packages/konlpy/java/komoran-3.0.jar:/Users/tj/opt/anaconda3/lib/python3.9/site-packages/konlpy/java/snakeyaml-1.12.jar:/Users/tj/opt/anaconda3/lib/python3.9/site-packages/konlpy/java/scala-library-2.12.3.jar:/Users/tj/opt/anaconda3/lib/python3.9/site-packages/konlpy/java/open-korean-text-2.1.0.jar:/Users/tj/opt/anaconda3/lib/python3.9/site-packages/konlpy/java/twitter-text-1.14.7.jar:/Users/tj/opt/anaconda3/lib/python3.9/site-packages/konlpy/java/scala-library-2.12.3.jar:/Users/tj/opt/anaconda3/lib/python3.9/site-packages/konl
Launcher Type: generic

[Global flags]
     intx CICompilerCount                          = 3                                         {product} {ergonomic}
     uint ConcGCThreads                            = 1                                         {product} {ergonomic}
     uint G1ConcRefinementThreads                  = 4                                         {product} {ergonomic}
   size_t G1HeapRegionSize                         = 1048576                                   {product} {ergonomic}
    uintx GCDrainStackTargetSize                   = 64                                        {product} {ergonomic}
   size_t InitialHeapSize                          = 134217728                                 {product} {ergonomic}
   size_t MarkStackSize                            = 4194304                                   {product} {ergonomic}
   size_t MaxHeapSize                              = 1073741824                                {product} {command line}
   size_t MaxNewSize                               = 643825664                                 {product} {ergonomic}
   size_t MinHeapDeltaBytes                        = 1048576                                   {product} {ergonomic}
    uintx NonNMethodCodeHeapSize                   = 5830732                                {pd product} {ergonomic}
    uintx NonProfiledCodeHeapSize                  = 122913754                              {pd product} {ergonomic}
    uintx ProfiledCodeHeapSize                     = 122913754                              {pd product} {ergonomic}
    uintx ReservedCodeCacheSize                    = 251658240                              {pd product} {ergonomic}
     bool SegmentedCodeCache                       = true                                      {product} {ergonomic}
     bool UseCompressedClassPointers               = true                                 {lp64_product} {ergonomic}
     bool UseCompressedOops                        = true                                 {lp64_product} {ergonomic}
     bool UseG1GC                                  = true                                      {product} {ergonomic}

Logging:
Log output configuration:
 #0: stdout all=warning uptime,level,tags
 #1: stderr all=off uptime,level,tags

Environment Variables:
PATH=/Users/tj/opt/anaconda3/bin:/Users/tj/opt/anaconda3/bin:/Users/tj/opt/anaconda3/condabin:/usr/local/bin:/usr/bin:/bin:/usr/sbin:/sbin:/Library/Apple/usr/bin:/Users/tj/Documents/Development/flutter/bin
SHELL=/bin/zsh

Signal Handlers:
SIGSEGV: [libjvm.dylib+0x789b18], sa_mask[0]=11111111011111110111111111111111, sa_flags=SA_ONSTACK|SA_RESTART|SA_SIGINFO
SIGBUS: [libjvm.dylib+0x789b18], sa_mask[0]=11111111011111110111111111111111, sa_flags=SA_RESTART|SA_SIGINFO
SIGFPE: [libjvm.dylib+0x789b18], sa_mask[0]=11111111011111110111111111111111, sa_flags=SA_RESTART|SA_SIGINFO
SIGPIPE: [libjvm.dylib+0x63c69b], sa_mask[0]=11111111011111110111111111111111, sa_flags=SA_RESTART|SA_SIGINFO
SIGXFSZ: [libjvm.dylib+0x63c69b], sa_mask[0]=11111111011111110111111111111111, sa_flags=SA_RESTART|SA_SIGINFO
SIGILL: [libjvm.dylib+0x789b18], sa_mask[0]=11111111011111110111111111111111, sa_flags=SA_RESTART|SA_SIGINFO
SIGUSR2: [libjvm.dylib+0x63cc70], sa_mask[0]=00000000000000000000000000000000, sa_flags=SA_RESTART|SA_SIGINFO
SIGHUP: [libjvm.dylib+0x63b773], sa_mask[0]=11111111011111110111111111111111, sa_flags=SA_RESTART|SA_SIGINFO
SIGINT: [python3.9+0x27f3b0], sa_mask[0]=00000000000000000000000000000000, sa_flags=none
SIGTERM: [libjvm.dylib+0x63b773], sa_mask[0]=11111111011111110111111111111111, sa_flags=SA_RESTART|SA_SIGINFO
SIGQUIT: [libjvm.dylib+0x63b773], sa_mask[0]=11111111011111110111111111111111, sa_flags=SA_RESTART|SA_SIGINFO


---------------  S Y S T E M  ---------------

OS:uname:Darwin 21.2.0 Darwin Kernel Version 21.2.0: Sun Nov 28 20:28:54 PST 2021; root:xnu-8019.61.5~1/RELEASE_X86_64 x86_64
rlimit: STACK 8192k, CORE 0k, NPROC 1392, NOFILE 10240, AS infinity, DATA infinity, FSIZE infinity
load average:15.90 6.82 2.73

CPU:total 4 (initial active 4) (4 cores per cpu, 1 threads per core) family 6 model 158 stepping 9 microcode 0xde, cmov, cx8, fxsr, mmx, sse, sse2, sse3, ssse3, sse4.1, sse4.2, popcnt, avx, avx2, aes, clmul, erms, 3dnowpref, lzcnt, tsc, tscinvbit, bmi1, bmi2, adx, fma

Memory: 4k page, physical 8388608k(104236k free)

vm_info: Java HotSpot(TM) 64-Bit Server VM (11.0.14+8-LTS-263) for bsd-amd64 JRE (11.0.14+8-LTS-263), built on Dec  7 2021 21:55:44 by "mach5one" with gcc 4.2.1 Compatible Apple LLVM 11.0.0 (clang-1100.0.33.17)

END.
